2022-05-06 14:54:14,436  INFO [main] demoapp:14 - URL is opened
 2022-05-06 14:54:14,682  INFO [main] demoapp:17 - Username is Entered
 2022-05-06 14:54:14,811  INFO [main] demoapp:19 - Password is entered
 2022-05-06 14:54:15,002  INFO [main] demoapp:21 - Button is clicked
 2022-05-06 14:54:15,040  INFO [main] demoapp:32 - test is failed
 2022-05-06 14:55:56,929  INFO [main] demoapp:14 - URL is opened
 2022-05-06 14:55:57,129  INFO [main] demoapp:17 - Username is Entered
 2022-05-06 14:55:57,261  INFO [main] demoapp:19 - Password is entered
 2022-05-06 14:55:57,480  INFO [main] demoapp:21 - Button is clicked
 2022-05-06 14:55:57,530  INFO [main] demoapp:32 - test is failed
 2022-05-06 15:04:10,083  INFO [main] demoapp:14 - URL is opened
 2022-05-06 15:04:10,195  INFO [main] demoapp:17 - Username is Entered
 2022-05-06 15:04:10,276  INFO [main] demoapp:19 - Password is entered
 2022-05-06 15:04:10,400  INFO [main] demoapp:21 - Button is clicked
 2022-05-06 15:04:10,427  INFO [main] demoapp:32 - test is failed
 2022-05-06 15:08:14,932  INFO [main] demoapp:14 - URL is opened
 2022-05-06 15:08:15,041  INFO [main] demoapp:17 - Username is Entered
 2022-05-06 15:08:15,112  INFO [main] demoapp:19 - Password is entered
 2022-05-06 15:08:15,240  INFO [main] demoapp:21 - Button is clicked
 2022-05-06 15:08:15,255  INFO [main] demoapp:32 - test is failed
 2022-05-06 15:13:04,473  INFO [main] demoapp:14 - URL is opened
 2022-05-06 15:13:04,594  INFO [main] demoapp:17 - Username is Entered
 2022-05-06 15:13:04,667  INFO [main] demoapp:19 - Password is entered
 2022-05-06 15:13:04,797  INFO [main] demoapp:21 - Button is clicked
 2022-05-06 15:13:04,809  INFO [main] demoapp:32 - test is failed
 2022-05-06 15:16:09,770  INFO [main] demoapp:14 - URL is opened
 2022-05-06 15:16:09,880  INFO [main] demoapp:17 - Username is Entered
 2022-05-06 15:16:09,952  INFO [main] demoapp:19 - Password is entered
 2022-05-06 15:16:10,071  INFO [main] demoapp:21 - Button is clicked
 2022-05-06 15:16:10,084  INFO [main] demoapp:32 - test is failed
 2022-05-06 15:18:30,199  INFO [main] demoapp:14 - URL is opened
 2022-05-06 15:18:30,428  INFO [main] demoapp:17 - Username is Entered
 2022-05-06 15:18:30,559  INFO [main] demoapp:19 - Password is entered
 2022-05-06 15:18:30,777  INFO [main] demoapp:21 - Button is clicked
 2022-05-06 15:18:30,827  INFO [main] demoapp:32 - test is failed
 2022-05-09 11:36:09,064  INFO [main] demoapp:14 - URL is opened
 2022-05-09 11:36:09,261  INFO [main] demoapp:17 - Username is Entered
 2022-05-09 11:36:09,379  INFO [main] demoapp:19 - Password is entered
 2022-05-09 11:36:09,550  INFO [main] demoapp:21 - Button is clicked
 2022-05-09 11:36:09,571  INFO [main] demoapp:26 - test is passed
 2022-05-09 11:41:18,375  INFO [main] demoapp:14 - URL is opened
 2022-05-09 11:41:18,593  INFO [main] demoapp:17 - Username is Entered
 2022-05-09 11:41:18,777  INFO [main] demoapp:19 - Password is entered
 2022-05-09 11:41:19,003  INFO [main] demoapp:21 - Button is clicked
 2022-05-09 11:41:19,045  INFO [main] demoapp:26 - test is passed
 2022-05-09 11:49:23,116  INFO [main] demoapp:14 - URL is opened
 2022-05-09 11:49:23,373  INFO [main] demoapp:17 - Username is Entered
 2022-05-09 11:49:23,492  INFO [main] demoapp:19 - Password is entered
 2022-05-09 11:49:23,772  INFO [main] demoapp:21 - Button is clicked
 2022-05-09 11:49:23,788  INFO [main] demoapp:26 - test is passed
 2022-05-09 11:52:58,324  INFO [main] demoapp:14 - URL is opened
 2022-05-09 11:52:58,527  INFO [main] demoapp:17 - Username is Entered
 2022-05-09 11:52:58,668  INFO [main] demoapp:19 - Password is entered
 2022-05-09 11:52:58,879  INFO [main] demoapp:21 - Button is clicked
 2022-05-09 11:52:58,905  INFO [main] demoapp:26 - test is passed
 2022-05-09 13:15:02,122  INFO [main] demoapp:16 - URL is opened
 2022-05-09 13:15:02,330  INFO [main] demoapp:19 - Username is Entered
 2022-05-09 13:15:02,454  INFO [main] demoapp:21 - Password is entered
 2022-05-09 13:15:02,648  INFO [main] demoapp:23 - Button is clicked
 2022-05-09 13:15:02,676  INFO [main] demoapp:28 - test is passed
 2022-05-09 13:15:41,237  INFO [main] demoapp:16 - URL is opened
 2022-05-09 13:15:41,451  INFO [main] demoapp:19 - Username is Entered
 2022-05-09 13:15:41,592  INFO [main] demoapp:21 - Password is entered
 2022-05-09 13:15:41,784  INFO [main] demoapp:23 - Button is clicked
 2022-05-09 13:15:42,469  INFO [main] demoapp:35 - test is failed
 2022-05-09 13:20:12,747  INFO [main] demoapp:16 - URL is opened
 2022-05-09 13:20:13,003  INFO [main] demoapp:19 - Username is Entered
 2022-05-09 13:20:13,118  INFO [main] demoapp:21 - Password is entered
 2022-05-09 13:20:13,209  INFO [main] demoapp:23 - Button is clicked
 2022-05-09 13:20:13,620  INFO [main] demoapp:35 - test is failed
 2022-05-09 13:24:30,637  INFO [main] demoapp:16 - URL is opened
 2022-05-09 13:24:30,861  INFO [main] demoapp:19 - Username is Entered
 2022-05-09 13:24:31,009  INFO [main] demoapp:21 - Password is entered
 2022-05-09 13:24:31,170  INFO [main] demoapp:23 - Button is clicked
 2022-05-09 13:24:31,815  INFO [main] demoapp:35 - test is failed
 2022-05-09 13:32:07,964  INFO [main] demoapp:16 - URL is opened
 2022-05-09 13:32:08,194  INFO [main] demoapp:19 - Username is Entered
 2022-05-09 13:32:08,347  INFO [main] demoapp:21 - Password is entered
 2022-05-09 13:32:08,471  INFO [main] demoapp:23 - Button is clicked
 2022-05-09 13:32:09,111  INFO [main] demoapp:35 - test is failed
 2022-05-09 13:35:55,548  INFO [main] demoapp:16 - URL is opened
 2022-05-09 13:35:55,763  INFO [main] demoapp:19 - Username is Entered
 2022-05-09 13:35:55,892  INFO [main] demoapp:21 - Password is entered
 2022-05-09 13:35:56,024  INFO [main] demoapp:23 - Button is clicked
 2022-05-09 13:35:56,045  INFO [main] demoapp:28 - test is passed
 2022-05-09 13:37:45,452  INFO [main] demoapp:16 - URL is opened
 2022-05-09 13:37:45,768  INFO [main] demoapp:19 - Username is Entered
 2022-05-09 13:37:45,875  INFO [main] demoapp:21 - Password is entered
 2022-05-09 13:37:45,970  INFO [main] demoapp:23 - Button is clicked
 2022-05-09 14:40:30,588  INFO [main] demoapp:19 - URL is opened
 2022-05-09 14:40:30,846  INFO [main] demoapp:22 - Username is Entered
 2022-05-09 14:40:30,977  INFO [main] demoapp:24 - Password is entered
 2022-05-09 14:40:31,148  INFO [main] demoapp:26 - Button is clicked
 2022-05-09 17:00:48,279  INFO [main] demoapp:21 - URL is opened
 2022-05-09 17:00:48,391  INFO [main] demoapp:23 - Username is Entered
 2022-05-09 17:00:48,482  INFO [main] demoapp:25 - Password is entered
 2022-05-09 17:00:48,613  INFO [main] demoapp:27 - Button is clicked
 2022-05-09 17:00:52,971  INFO [main] demoapp:21 - URL is opened
 2022-05-09 17:00:53,084  INFO [main] demoapp:23 - Username is Entered
 2022-05-09 17:00:53,168  INFO [main] demoapp:25 - Password is entered
 2022-05-09 17:00:53,280  INFO [main] demoapp:27 - Button is clicked
 2022-05-09 17:00:57,226  INFO [main] demoapp:21 - URL is opened
 2022-05-09 17:00:57,352  INFO [main] demoapp:23 - Username is Entered
 2022-05-09 17:00:57,449  INFO [main] demoapp:25 - Password is entered
 2022-05-09 17:00:57,540  INFO [main] demoapp:27 - Button is clicked
 2022-05-09 17:01:01,496  INFO [main] demoapp:21 - URL is opened
 2022-05-09 17:01:01,619  INFO [main] demoapp:23 - Username is Entered
 2022-05-09 17:01:01,695  INFO [main] demoapp:25 - Password is entered
 2022-05-09 17:01:01,838  INFO [main] demoapp:27 - Button is clicked
 2022-05-09 17:01:06,268  INFO [main] demoapp:21 - URL is opened
 2022-05-09 17:01:06,406  INFO [main] demoapp:23 - Username is Entered
 2022-05-09 17:01:06,501  INFO [main] demoapp:25 - Password is entered
 2022-05-09 17:01:11,612  INFO [main] demoapp:27 - Button is clicked
 2022-05-09 17:12:57,749  INFO [main] demoapp:21 - URL is opened
 2022-05-09 17:12:57,850  INFO [main] demoapp:23 - Username is Entered
 2022-05-09 17:12:57,932  INFO [main] demoapp:25 - Password is entered
 2022-05-09 17:12:58,053  INFO [main] demoapp:27 - Button is clicked
 2022-05-09 17:13:05,378  INFO [main] demoapp:21 - URL is opened
 2022-05-09 17:13:05,514  INFO [main] demoapp:23 - Username is Entered
 2022-05-09 17:13:05,609  INFO [main] demoapp:25 - Password is entered
 2022-05-09 17:13:05,743  INFO [main] demoapp:27 - Button is clicked
 2022-05-09 17:13:12,398  INFO [main] demoapp:21 - URL is opened
 2022-05-09 17:13:12,508  INFO [main] demoapp:23 - Username is Entered
 2022-05-09 17:13:12,598  INFO [main] demoapp:25 - Password is entered
 2022-05-09 17:13:12,684  INFO [main] demoapp:27 - Button is clicked
 2022-05-09 17:13:19,374  INFO [main] demoapp:21 - URL is opened
 2022-05-09 17:13:19,484  INFO [main] demoapp:23 - Username is Entered
 2022-05-09 17:13:19,565  INFO [main] demoapp:25 - Password is entered
 2022-05-09 17:13:19,690  INFO [main] demoapp:27 - Button is clicked
 2022-05-09 17:13:26,420  INFO [main] demoapp:21 - URL is opened
 2022-05-09 17:13:26,574  INFO [main] demoapp:23 - Username is Entered
 2022-05-09 17:13:26,648  INFO [main] demoapp:25 - Password is entered
 2022-05-09 17:13:31,779  INFO [main] demoapp:27 - Button is clicked
 2022-05-10 10:50:42,287  INFO [main] demoapp:16 - URL is opened
 2022-05-10 10:50:42,519  INFO [main] demoapp:19 - Username is Entered
 2022-05-10 10:50:42,659  INFO [main] demoapp:21 - Password is entered
 2022-05-10 10:50:42,806  INFO [main] demoapp:23 - Button is clicked
 2022-05-10 10:50:50,797  INFO [main] demoapp:21 - URL is opened
 2022-05-10 10:50:50,995  INFO [main] demoapp:23 - Username is Entered
 2022-05-10 10:50:51,139  INFO [main] demoapp:25 - Password is entered
 2022-05-10 10:50:51,328  INFO [main] demoapp:27 - Button is clicked
 2022-05-10 10:50:54,380  INFO [main] demoapp:34 - test is passed
 2022-05-10 10:51:01,563  INFO [main] demoapp:21 - URL is opened
 2022-05-10 10:51:01,745  INFO [main] demoapp:23 - Username is Entered
 2022-05-10 10:51:01,873  INFO [main] demoapp:25 - Password is entered
 2022-05-10 10:51:01,968  INFO [main] demoapp:27 - Button is clicked
 2022-05-10 10:51:05,015  INFO [main] demoapp:34 - test is passed
 2022-05-10 10:51:11,309  INFO [main] demoapp:21 - URL is opened
 2022-05-10 10:51:11,507  INFO [main] demoapp:23 - Username is Entered
 2022-05-10 10:51:11,615  INFO [main] demoapp:25 - Password is entered
 2022-05-10 10:51:11,716  INFO [main] demoapp:27 - Button is clicked
 2022-05-10 10:51:14,738  INFO [main] demoapp:34 - test is passed
 2022-05-10 10:51:21,640  INFO [main] demoapp:21 - URL is opened
 2022-05-10 10:51:21,821  INFO [main] demoapp:23 - Username is Entered
 2022-05-10 10:51:21,948  INFO [main] demoapp:25 - Password is entered
 2022-05-10 10:51:22,111  INFO [main] demoapp:27 - Button is clicked
 2022-05-10 10:51:25,133  INFO [main] demoapp:34 - test is passed
 2022-05-10 10:51:31,179  INFO [main] demoapp:21 - URL is opened
 2022-05-10 10:51:31,368  INFO [main] demoapp:23 - Username is Entered
 2022-05-10 10:51:31,478  INFO [main] demoapp:25 - Password is entered
 2022-05-10 10:51:36,705  INFO [main] demoapp:27 - Button is clicked
 2022-05-10 10:51:39,727  INFO [main] demoapp:34 - test is passed
 2022-05-10 10:56:50,495  INFO [main] demoapp:16 - URL is opened
 2022-05-10 10:56:50,715  INFO [main] demoapp:19 - Username is Entered
 2022-05-10 10:56:50,859  INFO [main] demoapp:21 - Password is entered
 2022-05-10 10:56:51,081  INFO [main] demoapp:23 - Button is clicked
 2022-05-10 14:08:33,319  INFO [main] demoapp:16 - URL is opened
 2022-05-10 14:08:33,574  INFO [main] demoapp:19 - Username is Entered
 2022-05-10 14:08:33,733  INFO [main] demoapp:21 - Password is entered
 2022-05-10 14:08:33,956  INFO [main] demoapp:23 - Button is clicked
 2022-05-10 14:10:48,324  INFO [main] demoapp:16 - URL is opened
 2022-05-10 14:10:48,548  INFO [main] demoapp:19 - Username is Entered
 2022-05-10 14:10:48,706  INFO [main] demoapp:21 - Password is entered
 2022-05-10 14:10:48,921  INFO [main] demoapp:23 - Button is clicked
 2022-05-10 14:15:15,199  INFO [main] demoapp:16 - URL is opened
 2022-05-10 14:15:15,436  INFO [main] demoapp:19 - Username is Entered
 2022-05-10 14:15:15,595  INFO [main] demoapp:21 - Password is entered
 2022-05-10 14:15:15,804  INFO [main] demoapp:23 - Button is clicked
 2022-05-10 14:18:17,504  INFO [main] demoapp:16 - URL is opened
 2022-05-10 14:18:17,737  INFO [main] demoapp:19 - Username is Entered
 2022-05-10 14:18:17,907  INFO [main] demoapp:21 - Password is entered
 2022-05-10 14:18:18,107  INFO [main] demoapp:23 - Button is clicked
 2022-05-10 14:18:18,128  INFO [main] demoapp:28 - test is passed
 2022-05-10 14:26:46,694  INFO [main] demoapp:16 - URL is opened
 2022-05-10 14:26:46,987  INFO [main] demoapp:19 - Username is Entered
 2022-05-10 14:26:47,191  INFO [main] demoapp:21 - Password is entered
 2022-05-10 14:26:47,423  INFO [main] demoapp:23 - Button is clicked
 2022-05-10 14:26:47,447  INFO [main] demoapp:28 - test is passed
 2022-05-10 14:28:28,397  INFO [main] demoapp:16 - URL is opened
 2022-05-10 14:28:28,604  INFO [main] demoapp:19 - Username is Entered
 2022-05-10 14:28:28,740  INFO [main] demoapp:21 - Password is entered
 2022-05-10 14:28:28,948  INFO [main] demoapp:23 - Button is clicked
 2022-05-10 14:28:28,974  INFO [main] demoapp:28 - Assertiontrue
 2022-05-10 14:36:18,323  INFO [main] demoapp:16 - URL is opened
 2022-05-10 14:36:18,572  INFO [main] demoapp:19 - Username is Entered
 2022-05-10 14:36:18,692  INFO [main] demoapp:21 - Password is entered
 2022-05-10 14:36:18,879  INFO [main] demoapp:23 - Button is clicked
 2022-05-10 14:36:18,935  INFO [main] demoapp:28 - Assertiontrue
 2022-05-10 14:37:35,506  INFO [main] demoapp:16 - URL is opened
 2022-05-10 14:37:35,761  INFO [main] demoapp:19 - Username is Entered
 2022-05-10 14:37:35,897  INFO [main] demoapp:21 - Password is entered
 2022-05-10 14:37:36,100  INFO [main] demoapp:23 - Button is clicked
 2022-05-10 14:37:36,135  INFO [main] demoapp:28 - Assertiontrue
 2022-05-10 14:51:52,413  INFO [main] demoapp:16 - URL is opened
 2022-05-10 14:51:52,616  INFO [main] demoapp:19 - Username is Entered
 2022-05-10 14:51:52,797  INFO [main] demoapp:21 - Password is entered
 2022-05-10 14:51:53,101  INFO [main] demoapp:23 - Button is clicked
 2022-05-10 14:51:53,157  INFO [main] demoapp:28 - Assertiontrue
 2022-05-10 14:55:17,339  INFO [main] demoapp:16 - URL is opened
 2022-05-10 14:55:17,646  INFO [main] demoapp:19 - Username is Entered
 2022-05-10 14:55:17,802  INFO [main] demoapp:21 - Password is entered
 2022-05-10 14:55:18,028  INFO [main] demoapp:23 - Button is clicked
 2022-05-10 14:55:18,046  INFO [main] demoapp:28 - Assertiontrue
 2022-05-10 16:45:54,690  INFO [main] demoapp:15 - URL is opened
 2022-05-10 16:45:54,925  INFO [main] demoapp:18 - Username is Entered
 2022-05-10 16:45:55,085  INFO [main] demoapp:20 - Password is entered
 2022-05-10 16:45:55,314  INFO [main] demoapp:22 - Button is clicked
 2022-05-10 16:45:55,347  INFO [main] demoapp:27 - Assertiontrue
 2022-05-10 16:46:04,792  INFO [main] demoapp:21 - URL is opened
 2022-05-10 16:46:04,940  INFO [main] demoapp:23 - Username is Entered
 2022-05-10 16:46:05,185  INFO [main] demoapp:25 - Password is entered
 2022-05-10 16:46:05,422  INFO [main] demoapp:27 - Button is clicked
 2022-05-10 16:46:08,444  INFO [main] demoapp:34 - test is passed
 2022-05-10 16:46:08,458  INFO [main] demoapp:21 - URL is opened
 2022-05-10 16:46:28,487  INFO [main] demoapp:21 - URL is opened
 2022-05-10 16:46:28,553  INFO [main] demoapp:21 - URL is opened
 2022-05-10 16:46:28,583  INFO [main] demoapp:21 - URL is opened
 2022-05-10 16:50:12,843  INFO [main] demoapp:15 - URL is opened
 2022-05-10 16:50:13,099  INFO [main] demoapp:18 - Username is Entered
 2022-05-10 16:50:13,256  INFO [main] demoapp:20 - Password is entered
 2022-05-10 16:50:13,478  INFO [main] demoapp:22 - Button is clicked
 2022-05-10 16:50:13,526  INFO [main] demoapp:27 - Assertiontrue
 2022-05-10 16:50:23,131  INFO [main] demoapp:21 - URL is opened
 2022-05-10 16:50:23,269  INFO [main] demoapp:23 - Username is Entered
 2022-05-10 16:50:23,425  INFO [main] demoapp:25 - Password is entered
 2022-05-10 16:50:23,636  INFO [main] demoapp:27 - Button is clicked
 2022-05-10 16:50:26,659  INFO [main] demoapp:34 - test is passed
 2022-05-10 16:50:26,675  INFO [main] demoapp:21 - URL is opened
 2022-05-10 16:50:36,138  INFO [main] demoapp:21 - URL is opened
 2022-05-10 16:50:36,183  INFO [main] demoapp:21 - URL is opened
 2022-05-10 16:50:36,209  INFO [main] demoapp:21 - URL is opened
 2022-05-10 16:55:59,274  INFO [main] demoapp:15 - URL is opened
 2022-05-10 16:55:59,499  INFO [main] demoapp:18 - Username is Entered
 2022-05-10 16:55:59,674  INFO [main] demoapp:20 - Password is entered
 2022-05-10 16:55:59,919  INFO [main] demoapp:22 - Button is clicked
 2022-05-10 16:55:59,963  INFO [main] demoapp:27 - Assertiontrue
 2022-05-10 16:56:09,225  INFO [main] demoapp:21 - URL is opened
 2022-05-10 16:56:09,354  INFO [main] demoapp:23 - Username is Entered
 2022-05-10 16:56:09,568  INFO [main] demoapp:25 - Password is entered
 2022-05-10 16:56:09,789  INFO [main] demoapp:27 - Button is clicked
 2022-05-10 16:56:13,470  INFO [main] demoapp:21 - URL is opened
 2022-05-10 16:56:43,556  INFO [main] demoapp:21 - URL is opened
 2022-05-10 16:56:48,426  INFO [main] demoapp:21 - URL is opened
 2022-05-10 16:56:48,485  INFO [main] demoapp:21 - URL is opened
 2022-05-10 16:58:56,968  INFO [main] demoapp:15 - URL is opened
 2022-05-10 16:58:57,194  INFO [main] demoapp:18 - Username is Entered
 2022-05-10 16:58:57,410  INFO [main] demoapp:20 - Password is entered
 2022-05-10 16:58:57,626  INFO [main] demoapp:22 - Button is clicked
 2022-05-10 16:58:57,681  INFO [main] demoapp:27 - Assertiontrue
 2022-05-10 16:59:06,729  INFO [main] demoapp:21 - URL is opened
 2022-05-10 16:59:06,848  INFO [main] demoapp:23 - Username is Entered
 2022-05-10 16:59:07,078  INFO [main] demoapp:25 - Password is entered
 2022-05-10 16:59:07,497  INFO [main] demoapp:27 - Button is clicked
 2022-05-10 16:59:10,521  INFO [main] demoapp:34 - test is passed
 2022-05-10 16:59:10,553  INFO [main] demoapp:21 - URL is opened
 2022-05-10 16:59:17,890  INFO [main] demoapp:21 - URL is opened
 2022-05-10 16:59:17,933  INFO [main] demoapp:21 - URL is opened
 2022-05-10 16:59:17,957  INFO [main] demoapp:21 - URL is opened
 2022-05-10 17:00:20,481  INFO [main] demoapp:15 - URL is opened
 2022-05-10 17:00:20,756  INFO [main] demoapp:18 - Username is Entered
 2022-05-10 17:00:20,940  INFO [main] demoapp:20 - Password is entered
 2022-05-10 17:00:21,162  INFO [main] demoapp:22 - Button is clicked
 2022-05-10 17:00:21,193  INFO [main] demoapp:27 - Assertiontrue
 2022-05-10 17:00:30,351  INFO [main] demoapp:21 - URL is opened
 2022-05-10 17:00:30,480  INFO [main] demoapp:23 - Username is Entered
 2022-05-10 17:00:30,613  INFO [main] demoapp:25 - Password is entered
 2022-05-10 17:00:30,767  INFO [main] demoapp:27 - Button is clicked
 2022-05-10 17:00:34,266  INFO [main] demoapp:21 - URL is opened
 2022-05-10 17:00:34,461  INFO [main] demoapp:23 - Username is Entered
 2022-05-10 17:00:34,604  INFO [main] demoapp:25 - Password is entered
 2022-05-10 17:00:34,683  INFO [main] demoapp:27 - Button is clicked
 2022-05-10 17:00:38,078  INFO [main] demoapp:21 - URL is opened
 2022-05-10 17:00:38,249  INFO [main] demoapp:23 - Username is Entered
 2022-05-10 17:00:38,460  INFO [main] demoapp:25 - Password is entered
 2022-05-10 17:00:38,604  INFO [main] demoapp:27 - Button is clicked
 2022-05-10 17:00:42,017  INFO [main] demoapp:21 - URL is opened
 2022-05-10 17:00:42,125  INFO [main] demoapp:23 - Username is Entered
 2022-05-10 17:00:42,270  INFO [main] demoapp:25 - Password is entered
 2022-05-10 17:00:42,380  INFO [main] demoapp:27 - Button is clicked
 2022-05-10 17:00:45,763  INFO [main] demoapp:21 - URL is opened
 2022-05-10 17:00:45,930  INFO [main] demoapp:23 - Username is Entered
 2022-05-10 17:00:46,115  INFO [main] demoapp:25 - Password is entered
 2022-05-10 17:00:46,203  INFO [main] demoapp:27 - Button is clicked
 2022-05-10 17:03:49,926  INFO [main] demoapp:15 - URL is opened
 2022-05-10 17:03:50,126  INFO [main] demoapp:18 - Username is Entered
 2022-05-10 17:03:50,318  INFO [main] demoapp:20 - Password is entered
 2022-05-10 17:03:50,580  INFO [main] demoapp:22 - Button is clicked
 2022-05-10 17:03:50,614  INFO [main] demoapp:27 - Assertiontrue
 2022-05-10 17:03:59,739  INFO [main] demoapp:21 - URL is opened
 2022-05-10 17:03:59,873  INFO [main] demoapp:23 - Username is Entered
 2022-05-10 17:04:00,100  INFO [main] demoapp:25 - Password is entered
 2022-05-10 17:04:00,254  INFO [main] demoapp:27 - Button is clicked
 2022-05-10 17:04:03,639  INFO [main] demoapp:21 - URL is opened
 2022-05-10 17:04:03,791  INFO [main] demoapp:23 - Username is Entered
 2022-05-10 17:04:03,980  INFO [main] demoapp:25 - Password is entered
 2022-05-10 17:04:04,059  INFO [main] demoapp:27 - Button is clicked
 2022-05-10 17:04:07,552  INFO [main] demoapp:21 - URL is opened
 2022-05-10 17:04:07,753  INFO [main] demoapp:23 - Username is Entered
 2022-05-10 17:04:07,896  INFO [main] demoapp:25 - Password is entered
 2022-05-10 17:04:07,997  INFO [main] demoapp:27 - Button is clicked
 2022-05-10 17:04:11,275  INFO [main] demoapp:21 - URL is opened
 2022-05-10 17:04:11,385  INFO [main] demoapp:23 - Username is Entered
 2022-05-10 17:04:11,510  INFO [main] demoapp:25 - Password is entered
 2022-05-10 17:04:11,608  INFO [main] demoapp:27 - Button is clicked
 2022-05-10 17:04:14,947  INFO [main] demoapp:21 - URL is opened
 2022-05-10 17:04:15,101  INFO [main] demoapp:23 - Username is Entered
 2022-05-10 17:04:15,266  INFO [main] demoapp:25 - Password is entered
 2022-05-10 17:04:15,343  INFO [main] demoapp:27 - Button is clicked
 2022-05-10 17:05:56,656  INFO [main] demoapp:15 - URL is opened
 2022-05-10 17:05:56,859  INFO [main] demoapp:18 - Username is Entered
 2022-05-10 17:05:57,022  INFO [main] demoapp:20 - Password is entered
 2022-05-10 17:05:57,257  INFO [main] demoapp:22 - Button is clicked
 2022-05-10 17:05:57,282  INFO [main] demoapp:27 - Assertiontrue
 2022-05-10 17:06:05,706  INFO [main] demoapp:21 - URL is opened
 2022-05-10 17:06:05,854  INFO [main] demoapp:23 - Username is Entered
 2022-05-10 17:06:05,990  INFO [main] demoapp:25 - Password is entered
 2022-05-10 17:06:06,167  INFO [main] demoapp:27 - Button is clicked
 2022-05-10 17:06:09,494  INFO [main] demoapp:21 - URL is opened
 2022-05-10 17:06:09,595  INFO [main] demoapp:23 - Username is Entered
 2022-05-10 17:06:09,723  INFO [main] demoapp:25 - Password is entered
 2022-05-10 17:06:09,785  INFO [main] demoapp:27 - Button is clicked
 2022-05-10 17:06:13,070  INFO [main] demoapp:21 - URL is opened
 2022-05-10 17:06:13,158  INFO [main] demoapp:23 - Username is Entered
 2022-05-10 17:06:13,275  INFO [main] demoapp:25 - Password is entered
 2022-05-10 17:06:13,341  INFO [main] demoapp:27 - Button is clicked
 2022-05-10 17:06:16,634  INFO [main] demoapp:21 - URL is opened
 2022-05-10 17:06:16,729  INFO [main] demoapp:23 - Username is Entered
 2022-05-10 17:06:16,953  INFO [main] demoapp:25 - Password is entered
 2022-05-10 17:06:17,040  INFO [main] demoapp:27 - Button is clicked
 2022-05-10 17:06:32,311  INFO [main] demoapp:21 - URL is opened
 2022-05-10 17:07:57,980  INFO [main] demoapp:15 - URL is opened
 2022-05-10 17:07:58,211  INFO [main] demoapp:18 - Username is Entered
 2022-05-10 17:07:58,369  INFO [main] demoapp:20 - Password is entered
 2022-05-10 17:07:58,608  INFO [main] demoapp:22 - Button is clicked
 2022-05-10 17:07:58,671  INFO [main] demoapp:27 - Assertiontrue
 2022-05-10 17:08:06,988  INFO [main] demoapp:21 - URL is opened
 2022-05-10 17:08:07,128  INFO [main] demoapp:23 - Username is Entered
 2022-05-10 17:08:07,270  INFO [main] demoapp:25 - Password is entered
 2022-05-10 17:08:07,459  INFO [main] demoapp:27 - Button is clicked
 2022-05-10 17:08:10,827  INFO [main] demoapp:21 - URL is opened
 2022-05-10 17:08:10,969  INFO [main] demoapp:23 - Username is Entered
 2022-05-10 17:08:11,119  INFO [main] demoapp:25 - Password is entered
 2022-05-10 17:08:11,186  INFO [main] demoapp:27 - Button is clicked
 2022-05-10 17:08:14,507  INFO [main] demoapp:21 - URL is opened
 2022-05-10 17:08:14,614  INFO [main] demoapp:23 - Username is Entered
 2022-05-10 17:08:14,729  INFO [main] demoapp:25 - Password is entered
 2022-05-10 17:08:14,809  INFO [main] demoapp:27 - Button is clicked
 2022-05-10 17:08:18,205  INFO [main] demoapp:21 - URL is opened
 2022-05-10 17:08:18,327  INFO [main] demoapp:23 - Username is Entered
 2022-05-10 17:08:18,478  INFO [main] demoapp:25 - Password is entered
 2022-05-10 17:08:18,552  INFO [main] demoapp:27 - Button is clicked
 2022-05-10 17:08:21,942  INFO [main] demoapp:21 - URL is opened
 2022-05-10 17:08:22,100  INFO [main] demoapp:23 - Username is Entered
 2022-05-10 17:08:22,250  INFO [main] demoapp:25 - Password is entered
 2022-05-10 17:08:22,337  INFO [main] demoapp:27 - Button is clicked
 2022-05-10 17:09:31,435  INFO [main] demoapp:15 - URL is opened
 2022-05-10 17:09:31,627  INFO [main] demoapp:18 - Username is Entered
 2022-05-10 17:09:31,811  INFO [main] demoapp:20 - Password is entered
 2022-05-10 17:09:32,036  INFO [main] demoapp:22 - Button is clicked
 2022-05-10 17:09:32,068  INFO [main] demoapp:27 - Assertiontrue
 2022-05-10 17:09:41,376  INFO [main] demoapp:21 - URL is opened
 2022-05-10 17:09:41,569  INFO [main] demoapp:23 - Username is Entered
 2022-05-10 17:09:41,780  INFO [main] demoapp:25 - Password is entered
 2022-05-10 17:09:41,965  INFO [main] demoapp:27 - Button is clicked
 2022-05-10 17:09:45,305  INFO [main] demoapp:21 - URL is opened
 2022-05-10 17:09:45,411  INFO [main] demoapp:23 - Username is Entered
 2022-05-10 17:09:45,538  INFO [main] demoapp:25 - Password is entered
 2022-05-10 17:09:45,608  INFO [main] demoapp:27 - Button is clicked
 2022-05-10 17:09:48,906  INFO [main] demoapp:21 - URL is opened
 2022-05-10 17:09:49,003  INFO [main] demoapp:23 - Username is Entered
 2022-05-10 17:09:49,120  INFO [main] demoapp:25 - Password is entered
 2022-05-10 17:09:49,182  INFO [main] demoapp:27 - Button is clicked
 2022-05-10 17:09:52,509  INFO [main] demoapp:21 - URL is opened
 2022-05-10 17:09:52,600  INFO [main] demoapp:23 - Username is Entered
 2022-05-10 17:09:52,706  INFO [main] demoapp:25 - Password is entered
 2022-05-10 17:09:52,785  INFO [main] demoapp:27 - Button is clicked
 2022-05-10 17:09:56,086  INFO [main] demoapp:21 - URL is opened
 2022-05-10 17:09:56,260  INFO [main] demoapp:23 - Username is Entered
 2022-05-10 17:09:56,459  INFO [main] demoapp:25 - Password is entered
 2022-05-10 17:10:01,726  INFO [main] demoapp:27 - Button is clicked
 2022-05-10 17:10:04,761  INFO [main] demoapp:34 - test is passed
 2022-05-10 17:12:09,696  INFO [main] demoapp:15 - URL is opened
 2022-05-10 17:12:09,984  INFO [main] demoapp:18 - Username is Entered
 2022-05-10 17:12:10,187  INFO [main] demoapp:20 - Password is entered
 2022-05-10 17:12:10,444  INFO [main] demoapp:22 - Button is clicked
 2022-05-10 17:12:10,507  INFO [main] demoapp:27 - Assertiontrue
 2022-05-10 17:12:19,704  INFO [main] demoapp:21 - URL is opened
 2022-05-10 17:12:19,854  INFO [main] demoapp:23 - Username is Entered
 2022-05-10 17:12:20,073  INFO [main] demoapp:25 - Password is entered
 2022-05-10 17:12:20,161  INFO [main] demoapp:27 - Button is clicked
 2022-05-10 17:12:23,526  INFO [main] demoapp:21 - URL is opened
 2022-05-10 17:12:23,617  INFO [main] demoapp:23 - Username is Entered
 2022-05-10 17:12:23,734  INFO [main] demoapp:25 - Password is entered
 2022-05-10 17:12:23,798  INFO [main] demoapp:27 - Button is clicked
 2022-05-10 17:12:27,168  INFO [main] demoapp:21 - URL is opened
 2022-05-10 17:12:27,304  INFO [main] demoapp:23 - Username is Entered
 2022-05-10 17:12:27,446  INFO [main] demoapp:25 - Password is entered
 2022-05-10 17:12:27,519  INFO [main] demoapp:27 - Button is clicked
 2022-05-10 17:12:30,904  INFO [main] demoapp:21 - URL is opened
 2022-05-10 17:12:31,016  INFO [main] demoapp:23 - Username is Entered
 2022-05-10 17:12:31,152  INFO [main] demoapp:25 - Password is entered
 2022-05-10 17:12:31,230  INFO [main] demoapp:27 - Button is clicked
 2022-05-10 17:12:34,744  INFO [main] demoapp:21 - URL is opened
 2022-05-10 17:12:34,889  INFO [main] demoapp:23 - Username is Entered
 2022-05-10 17:12:35,030  INFO [main] demoapp:25 - Password is entered
 2022-05-10 17:12:35,089  INFO [main] demoapp:27 - Button is clicked
 2022-05-10 17:14:30,196  INFO [main] demoapp:15 - URL is opened
 2022-05-10 17:14:30,479  INFO [main] demoapp:18 - Username is Entered
 2022-05-10 17:14:30,679  INFO [main] demoapp:20 - Password is entered
 2022-05-10 17:14:30,896  INFO [main] demoapp:22 - Button is clicked
 2022-05-10 17:14:30,925  INFO [main] demoapp:27 - Assertiontrue
 2022-05-10 17:14:39,919  INFO [main] demoapp:21 - URL is opened
 2022-05-10 17:14:40,069  INFO [main] demoapp:23 - Username is Entered
 2022-05-10 17:14:40,266  INFO [main] demoapp:25 - Password is entered
 2022-05-10 17:14:40,369  INFO [main] demoapp:27 - Button is clicked
 2022-05-10 17:14:43,717  INFO [main] demoapp:21 - URL is opened
 2022-05-10 17:14:43,863  INFO [main] demoapp:23 - Username is Entered
 2022-05-10 17:14:44,049  INFO [main] demoapp:25 - Password is entered
 2022-05-10 17:14:44,135  INFO [main] demoapp:27 - Button is clicked
 2022-05-10 17:14:47,460  INFO [main] demoapp:21 - URL is opened
 2022-05-10 17:14:47,555  INFO [main] demoapp:23 - Username is Entered
 2022-05-10 17:14:47,673  INFO [main] demoapp:25 - Password is entered
 2022-05-10 17:14:47,749  INFO [main] demoapp:27 - Button is clicked
 2022-05-10 17:14:51,178  INFO [main] demoapp:21 - URL is opened
 2022-05-10 17:14:51,296  INFO [main] demoapp:23 - Username is Entered
 2022-05-10 17:14:51,432  INFO [main] demoapp:25 - Password is entered
 2022-05-10 17:14:51,512  INFO [main] demoapp:27 - Button is clicked
 2022-05-10 17:14:54,902  INFO [main] demoapp:21 - URL is opened
 2022-05-10 17:14:55,066  INFO [main] demoapp:23 - Username is Entered
 2022-05-10 17:14:55,234  INFO [main] demoapp:25 - Password is entered
 2022-05-10 17:14:55,325  INFO [main] demoapp:27 - Button is clicked
 2022-05-10 17:19:01,990  INFO [main] demoapp:15 - URL is opened
 2022-05-10 17:19:02,194  INFO [main] demoapp:18 - Username is Entered
 2022-05-10 17:19:02,334  INFO [main] demoapp:20 - Password is entered
 2022-05-10 17:19:02,555  INFO [main] demoapp:22 - Button is clicked
 2022-05-10 17:19:02,591  INFO [main] demoapp:27 - Assertiontrue
 2022-05-10 17:19:11,353  INFO [main] demoapp:21 - URL is opened
 2022-05-10 17:19:11,542  INFO [main] demoapp:23 - Username is Entered
 2022-05-10 17:19:11,664  INFO [main] demoapp:25 - Password is entered
 2022-05-10 17:19:11,809  INFO [main] demoapp:27 - Button is clicked
 2022-05-10 17:19:22,639  INFO [main] demoapp:21 - URL is opened
 2022-05-10 17:19:22,810  INFO [main] demoapp:23 - Username is Entered
 2022-05-10 17:19:22,923  INFO [main] demoapp:25 - Password is entered
 2022-05-10 17:19:23,139  INFO [main] demoapp:27 - Button is clicked
 2022-05-10 17:19:26,163  INFO [main] demoapp:34 - test is passed
 2022-05-10 17:19:33,637  INFO [main] demoapp:21 - URL is opened
 2022-05-10 17:19:33,809  INFO [main] demoapp:23 - Username is Entered
 2022-05-10 17:19:33,935  INFO [main] demoapp:25 - Password is entered
 2022-05-10 17:19:34,041  INFO [main] demoapp:27 - Button is clicked
 2022-05-10 17:19:45,121  INFO [main] demoapp:21 - URL is opened
 2022-05-10 17:19:45,303  INFO [main] demoapp:23 - Username is Entered
 2022-05-10 17:19:45,481  INFO [main] demoapp:25 - Password is entered
 2022-05-10 17:19:45,790  INFO [main] demoapp:27 - Button is clicked
 2022-05-10 17:19:48,814  INFO [main] demoapp:34 - test is passed
 2022-05-10 17:19:56,400  INFO [main] demoapp:21 - URL is opened
 2022-05-10 17:19:56,590  INFO [main] demoapp:23 - Username is Entered
 2022-05-10 17:19:56,702  INFO [main] demoapp:25 - Password is entered
 2022-05-10 17:20:01,864  INFO [main] demoapp:27 - Button is clicked
 2022-05-10 17:20:04,906  INFO [main] demoapp:34 - test is passed
 2022-05-10 17:22:08,091  INFO [main] demoapp:15 - URL is opened
 2022-05-10 17:22:08,317  INFO [main] demoapp:18 - Username is Entered
 2022-05-10 17:22:08,504  INFO [main] demoapp:20 - Password is entered
 2022-05-10 17:22:08,725  INFO [main] demoapp:22 - Button is clicked
 2022-05-10 17:22:08,764  INFO [main] demoapp:27 - Assertiontrue
 2022-05-10 17:22:16,809  INFO [main] demoapp:21 - URL is opened
 2022-05-10 17:22:16,996  INFO [main] demoapp:23 - Username is Entered
 2022-05-10 17:22:17,113  INFO [main] demoapp:25 - Password is entered
 2022-05-10 17:22:17,271  INFO [main] demoapp:27 - Button is clicked
 2022-05-10 17:22:27,954  INFO [main] demoapp:21 - URL is opened
 2022-05-10 17:22:28,130  INFO [main] demoapp:23 - Username is Entered
 2022-05-10 17:22:28,254  INFO [main] demoapp:25 - Password is entered
 2022-05-10 17:22:28,444  INFO [main] demoapp:27 - Button is clicked
 2022-05-10 17:22:31,467  INFO [main] demoapp:34 - test is passed
 2022-05-10 17:22:39,061  INFO [main] demoapp:21 - URL is opened
 2022-05-10 17:22:39,223  INFO [main] demoapp:23 - Username is Entered
 2022-05-10 17:22:39,363  INFO [main] demoapp:25 - Password is entered
 2022-05-10 17:22:39,499  INFO [main] demoapp:27 - Button is clicked
 2022-05-10 17:22:50,254  INFO [main] demoapp:21 - URL is opened
 2022-05-10 17:22:50,422  INFO [main] demoapp:23 - Username is Entered
 2022-05-10 17:22:50,541  INFO [main] demoapp:25 - Password is entered
 2022-05-10 17:22:50,735  INFO [main] demoapp:27 - Button is clicked
 2022-05-10 17:22:53,767  INFO [main] demoapp:34 - test is passed
 2022-05-10 17:23:01,679  INFO [main] demoapp:21 - URL is opened
 2022-05-10 17:23:01,907  INFO [main] demoapp:23 - Username is Entered
 2022-05-10 17:23:02,035  INFO [main] demoapp:25 - Password is entered
 2022-05-10 17:23:07,208  INFO [main] demoapp:27 - Button is clicked
 2022-05-10 17:23:10,225  INFO [main] demoapp:34 - test is passed
 2022-05-10 17:25:47,271  INFO [main] demoapp:15 - URL is opened
 2022-05-10 17:25:47,553  INFO [main] demoapp:18 - Username is Entered
 2022-05-10 17:25:47,738  INFO [main] demoapp:20 - Password is entered
 2022-05-10 17:25:47,960  INFO [main] demoapp:22 - Button is clicked
 2022-05-10 17:25:48,000  INFO [main] demoapp:27 - Assertiontrue
 2022-05-10 17:25:56,835  INFO [main] demoapp:21 - URL is opened
 2022-05-10 17:25:56,982  INFO [main] demoapp:23 - Username is Entered
 2022-05-10 17:25:57,106  INFO [main] demoapp:25 - Password is entered
 2022-05-10 17:25:57,256  INFO [main] demoapp:27 - Button is clicked
 2022-05-10 17:26:08,953  INFO [main] demoapp:21 - URL is opened
 2022-05-10 17:26:09,131  INFO [main] demoapp:23 - Username is Entered
 2022-05-10 17:26:09,258  INFO [main] demoapp:25 - Password is entered
 2022-05-10 17:26:09,458  INFO [main] demoapp:27 - Button is clicked
 2022-05-10 17:26:12,499  INFO [main] demoapp:34 - test is passed
 2022-05-10 17:26:20,321  INFO [main] demoapp:21 - URL is opened
 2022-05-10 17:26:20,498  INFO [main] demoapp:23 - Username is Entered
 2022-05-10 17:26:20,614  INFO [main] demoapp:25 - Password is entered
 2022-05-10 17:26:20,711  INFO [main] demoapp:27 - Button is clicked
 2022-05-10 17:26:32,623  INFO [main] demoapp:21 - URL is opened
 2022-05-10 17:26:32,794  INFO [main] demoapp:23 - Username is Entered
 2022-05-10 17:26:32,892  INFO [main] demoapp:25 - Password is entered
 2022-05-10 17:26:33,100  INFO [main] demoapp:27 - Button is clicked
 2022-05-10 17:26:36,141  INFO [main] demoapp:34 - test is passed
 2022-05-10 17:26:43,583  INFO [main] demoapp:21 - URL is opened
 2022-05-10 17:26:43,745  INFO [main] demoapp:23 - Username is Entered
 2022-05-10 17:26:43,862  INFO [main] demoapp:25 - Password is entered
 2022-05-10 17:26:49,100  INFO [main] demoapp:27 - Button is clicked
 2022-05-10 17:26:52,132  INFO [main] demoapp:34 - test is passed
 2022-05-10 17:29:31,190  INFO [main] demoapp:15 - URL is opened
 2022-05-10 17:29:31,489  INFO [main] demoapp:18 - Username is Entered
 2022-05-10 17:29:31,645  INFO [main] demoapp:20 - Password is entered
 2022-05-10 17:29:31,875  INFO [main] demoapp:22 - Button is clicked
 2022-05-10 17:29:31,906  INFO [main] demoapp:27 - Assertiontrue
 2022-05-10 17:29:40,729  INFO [main] demoapp:21 - URL is opened
 2022-05-10 17:29:40,857  INFO [main] demoapp:23 - Username is Entered
 2022-05-10 17:29:41,036  INFO [main] demoapp:25 - Password is entered
 2022-05-10 17:29:41,230  INFO [main] demoapp:27 - Button is clicked
 2022-05-10 17:29:44,526  INFO [main] demoapp:21 - URL is opened
 2022-05-10 17:29:44,616  INFO [main] demoapp:23 - Username is Entered
 2022-05-10 17:29:44,733  INFO [main] demoapp:25 - Password is entered
 2022-05-10 17:29:44,798  INFO [main] demoapp:27 - Button is clicked
 2022-05-10 17:29:48,118  INFO [main] demoapp:21 - URL is opened
 2022-05-10 17:29:48,218  INFO [main] demoapp:23 - Username is Entered
 2022-05-10 17:29:48,329  INFO [main] demoapp:25 - Password is entered
 2022-05-10 17:29:48,404  INFO [main] demoapp:27 - Button is clicked
 2022-05-10 17:29:51,799  INFO [main] demoapp:21 - URL is opened
 2022-05-10 17:29:51,947  INFO [main] demoapp:23 - Username is Entered
 2022-05-10 17:29:52,123  INFO [main] demoapp:25 - Password is entered
 2022-05-10 17:29:52,249  INFO [main] demoapp:27 - Button is clicked
 2022-05-10 17:29:55,695  INFO [main] demoapp:21 - URL is opened
 2022-05-10 17:29:55,862  INFO [main] demoapp:23 - Username is Entered
 2022-05-10 17:29:56,004  INFO [main] demoapp:25 - Password is entered
 2022-05-10 17:29:56,086  INFO [main] demoapp:27 - Button is clicked
 2022-05-10 17:48:09,016  INFO [main] demoapp:21 - URL is opened
 2022-05-10 17:48:09,188  INFO [main] demoapp:23 - Username is Entered
 2022-05-10 17:48:09,355  INFO [main] demoapp:25 - Password is entered
 2022-05-10 17:48:09,525  INFO [main] demoapp:27 - Button is clicked
 2022-05-10 17:48:20,966  INFO [main] demoapp:21 - URL is opened
 2022-05-10 17:48:21,101  INFO [main] demoapp:23 - Username is Entered
 2022-05-10 17:48:21,289  INFO [main] demoapp:25 - Password is entered
 2022-05-10 17:48:21,529  INFO [main] demoapp:27 - Button is clicked
 2022-05-10 17:48:24,566  INFO [main] demoapp:34 - test is passed
 2022-05-10 17:48:32,014  INFO [main] demoapp:21 - URL is opened
 2022-05-10 17:48:32,188  INFO [main] demoapp:23 - Username is Entered
 2022-05-10 17:48:32,310  INFO [main] demoapp:25 - Password is entered
 2022-05-10 17:48:32,423  INFO [main] demoapp:27 - Button is clicked
 2022-05-10 17:48:43,000  INFO [main] demoapp:21 - URL is opened
 2022-05-10 17:48:43,176  INFO [main] demoapp:23 - Username is Entered
 2022-05-10 17:48:43,298  INFO [main] demoapp:25 - Password is entered
 2022-05-10 17:48:43,583  INFO [main] demoapp:27 - Button is clicked
 2022-05-10 17:48:46,604  INFO [main] demoapp:34 - test is passed
 2022-05-10 17:48:54,224  INFO [main] demoapp:21 - URL is opened
 2022-05-10 17:48:54,423  INFO [main] demoapp:23 - Username is Entered
 2022-05-10 17:48:54,537  INFO [main] demoapp:25 - Password is entered
 2022-05-10 17:48:59,690  INFO [main] demoapp:27 - Button is clicked
 2022-05-10 17:49:02,711  INFO [main] demoapp:34 - test is passed
 2022-05-11 09:52:59,442  INFO [main] demoapp:15 - URL is opened
 2022-05-11 09:52:59,570  INFO [main] demoapp:18 - Username is Entered
 2022-05-11 09:52:59,675  INFO [main] demoapp:20 - Password is entered
 2022-05-11 09:52:59,797  INFO [main] demoapp:22 - Button is clicked
 2022-05-11 09:52:59,813  INFO [main] demoapp:27 - Assertiontrue
 2022-05-11 09:53:04,691  INFO [main] demoapp:22 - URL is opened
 2022-05-11 09:53:04,766  INFO [main] demoapp:24 - Username is Entered
 2022-05-11 09:53:04,841  INFO [main] demoapp:26 - Password is entered
 2022-05-11 09:53:04,920  INFO [main] demoapp:28 - Button is clicked
 2022-05-11 09:53:08,276  INFO [main] demoapp:22 - URL is opened
 2022-05-11 09:53:08,381  INFO [main] demoapp:24 - Username is Entered
 2022-05-11 09:53:08,509  INFO [main] demoapp:26 - Password is entered
 2022-05-11 09:53:08,658  INFO [main] demoapp:28 - Button is clicked
 2022-05-11 09:53:11,672  INFO [main] demoapp:35 - test is passed
 2022-05-11 09:53:41,713  INFO [main] demoapp:22 - URL is opened
 2022-05-11 09:53:51,158  INFO [main] demoapp:22 - URL is opened
 2022-05-11 09:54:03,404  INFO [main] demoapp:22 - URL is opened
 2022-05-11 09:56:03,065  INFO [main] demoapp:22 - URL is opened
 2022-05-11 09:56:03,171  INFO [main] demoapp:24 - Username is Entered
 2022-05-11 09:56:03,260  INFO [main] demoapp:26 - Password is entered
 2022-05-11 09:56:03,326  INFO [main] demoapp:28 - Button is clicked
 2022-05-11 09:56:06,740  INFO [main] demoapp:22 - URL is opened
 2022-05-11 09:56:06,833  INFO [main] demoapp:24 - Username is Entered
 2022-05-11 09:56:06,923  INFO [main] demoapp:26 - Password is entered
 2022-05-11 09:56:07,066  INFO [main] demoapp:28 - Button is clicked
 2022-05-11 09:56:10,108  INFO [main] demoapp:35 - test is passed
 2022-05-11 09:56:34,488  INFO [main] demoapp:22 - URL is opened
 2022-05-11 09:56:34,523  INFO [main] demoapp:22 - URL is opened
 2022-05-11 09:56:34,547  INFO [main] demoapp:22 - URL is opened
 2022-05-11 10:06:23,334  INFO [main] demoapp:22 - URL is opened
 2022-05-11 10:06:23,451  INFO [main] demoapp:24 - Username is Entered
 2022-05-11 10:06:23,574  INFO [main] demoapp:26 - Password is entered
 2022-05-11 10:06:23,638  INFO [main] demoapp:28 - Button is clicked
 2022-05-11 10:06:27,078  INFO [main] demoapp:22 - URL is opened
 2022-05-11 10:06:27,179  INFO [main] demoapp:24 - Username is Entered
 2022-05-11 10:06:27,277  INFO [main] demoapp:26 - Password is entered
 2022-05-11 10:06:27,418  INFO [main] demoapp:28 - Button is clicked
 2022-05-11 10:06:30,457  INFO [main] demoapp:35 - test is passed
 2022-05-11 10:06:33,623  INFO [main] demoapp:22 - URL is opened
 2022-05-11 10:06:33,701  INFO [main] demoapp:24 - Username is Entered
 2022-05-11 10:06:33,787  INFO [main] demoapp:26 - Password is entered
 2022-05-11 10:06:33,843  INFO [main] demoapp:28 - Button is clicked
 2022-05-11 10:06:37,101  INFO [main] demoapp:22 - URL is opened
 2022-05-11 10:06:37,180  INFO [main] demoapp:24 - Username is Entered
 2022-05-11 10:06:37,254  INFO [main] demoapp:26 - Password is entered
 2022-05-11 10:06:37,324  INFO [main] demoapp:28 - Button is clicked
 2022-05-11 10:06:40,342  INFO [main] demoapp:35 - test is passed
 2022-05-11 10:06:43,459  INFO [main] demoapp:22 - URL is opened
 2022-05-11 10:06:43,534  INFO [main] demoapp:24 - Username is Entered
 2022-05-11 10:06:43,611  INFO [main] demoapp:26 - Password is entered
 2022-05-11 10:06:48,684  INFO [main] demoapp:28 - Button is clicked
 2022-05-11 10:06:51,724  INFO [main] demoapp:35 - test is passed
 2022-05-11 10:09:55,954  INFO [main] demoapp:15 - URL is opened
 2022-05-11 10:09:56,100  INFO [main] demoapp:18 - Username is Entered
 2022-05-11 10:09:56,215  INFO [main] demoapp:20 - Password is entered
 2022-05-11 10:09:56,323  INFO [main] demoapp:22 - Button is clicked
 2022-05-11 10:09:56,355  INFO [main] demoapp:27 - Assertiontrue
 2022-05-11 10:10:00,641  INFO [main] demoapp:22 - URL is opened
 2022-05-11 10:10:00,712  INFO [main] demoapp:24 - Username is Entered
 2022-05-11 10:10:00,793  INFO [main] demoapp:26 - Password is entered
 2022-05-11 10:10:00,848  INFO [main] demoapp:28 - Button is clicked
 2022-05-11 10:10:06,183  INFO [main] demoapp:22 - URL is opened
 2022-05-11 10:10:06,252  INFO [main] demoapp:24 - Username is Entered
 2022-05-11 10:10:06,336  INFO [main] demoapp:26 - Password is entered
 2022-05-11 10:10:06,452  INFO [main] demoapp:28 - Button is clicked
 2022-05-11 10:10:09,469  INFO [main] demoapp:35 - test is passed
 2022-05-11 10:10:12,567  INFO [main] demoapp:22 - URL is opened
 2022-05-11 10:10:12,652  INFO [main] demoapp:24 - Username is Entered
 2022-05-11 10:10:12,743  INFO [main] demoapp:26 - Password is entered
 2022-05-11 10:10:12,796  INFO [main] demoapp:28 - Button is clicked
 2022-05-11 10:10:18,102  INFO [main] demoapp:22 - URL is opened
 2022-05-11 10:10:18,170  INFO [main] demoapp:24 - Username is Entered
 2022-05-11 10:10:18,239  INFO [main] demoapp:26 - Password is entered
 2022-05-11 10:10:18,307  INFO [main] demoapp:28 - Button is clicked
 2022-05-11 10:10:21,342  INFO [main] demoapp:35 - test is passed
 2022-05-11 10:10:24,483  INFO [main] demoapp:22 - URL is opened
 2022-05-11 10:10:24,564  INFO [main] demoapp:24 - Username is Entered
 2022-05-11 10:10:24,638  INFO [main] demoapp:26 - Password is entered
 2022-05-11 10:10:29,710  INFO [main] demoapp:28 - Button is clicked
 2022-05-11 10:10:32,749  INFO [main] demoapp:35 - test is passed
 2022-05-11 10:22:03,311  INFO [main] demoapp:15 - URL is opened
 2022-05-11 10:22:03,437  INFO [main] demoapp:18 - Username is Entered
 2022-05-11 10:22:03,511  INFO [main] demoapp:20 - Password is entered
 2022-05-11 10:22:03,633  INFO [main] demoapp:22 - Button is clicked
 2022-05-11 10:22:03,646  INFO [main] demoapp:27 - Assertiontrue
 2022-05-11 10:22:08,792  INFO [main] demoapp:22 - URL is opened
 2022-05-11 10:22:08,876  INFO [main] demoapp:24 - Username is Entered
 2022-05-11 10:22:08,956  INFO [main] demoapp:26 - Password is entered
 2022-05-11 10:22:09,024  INFO [main] demoapp:28 - Button is clicked
 2022-05-11 10:22:14,349  INFO [main] demoapp:22 - URL is opened
 2022-05-11 10:22:14,412  INFO [main] demoapp:24 - Username is Entered
 2022-05-11 10:22:14,483  INFO [main] demoapp:26 - Password is entered
 2022-05-11 10:22:14,599  INFO [main] demoapp:28 - Button is clicked
 2022-05-11 10:22:17,610  INFO [main] demoapp:35 - test is passed
 2022-05-11 10:22:20,704  INFO [main] demoapp:22 - URL is opened
 2022-05-11 10:22:20,777  INFO [main] demoapp:24 - Username is Entered
 2022-05-11 10:22:20,849  INFO [main] demoapp:26 - Password is entered
 2022-05-11 10:22:20,903  INFO [main] demoapp:28 - Button is clicked
 2022-05-11 10:22:26,173  INFO [main] demoapp:22 - URL is opened
 2022-05-11 10:22:26,258  INFO [main] demoapp:24 - Username is Entered
 2022-05-11 10:22:26,327  INFO [main] demoapp:26 - Password is entered
 2022-05-11 10:22:26,396  INFO [main] demoapp:28 - Button is clicked
 2022-05-11 10:22:29,428  INFO [main] demoapp:35 - test is passed
 2022-05-11 10:22:32,541  INFO [main] demoapp:22 - URL is opened
 2022-05-11 10:22:32,627  INFO [main] demoapp:24 - Username is Entered
 2022-05-11 10:22:32,694  INFO [main] demoapp:26 - Password is entered
 2022-05-11 10:22:37,769  INFO [main] demoapp:28 - Button is clicked
 2022-05-11 10:22:40,797  INFO [main] demoapp:35 - test is passed
 2022-05-11 10:30:48,059  INFO [main] demoapp:15 - URL is opened
 2022-05-11 10:30:48,262  INFO [main] demoapp:18 - Username is Entered
 2022-05-11 10:30:48,374  INFO [main] demoapp:20 - Password is entered
 2022-05-11 10:30:48,579  INFO [main] demoapp:22 - Button is clicked
 2022-05-11 10:30:48,616  INFO [main] demoapp:27 - Assertiontrue
 2022-05-11 10:30:57,565  INFO [main] demoapp:22 - URL is opened
 2022-05-11 10:30:57,704  INFO [main] demoapp:24 - Username is Entered
 2022-05-11 10:30:57,858  INFO [main] demoapp:26 - Password is entered
 2022-05-11 10:30:58,029  INFO [main] demoapp:28 - Button is clicked
 2022-05-11 10:31:03,530  INFO [main] demoapp:22 - URL is opened
 2022-05-11 10:31:03,670  INFO [main] demoapp:24 - Username is Entered
 2022-05-11 10:31:03,779  INFO [main] demoapp:26 - Password is entered
 2022-05-11 10:31:03,969  INFO [main] demoapp:28 - Button is clicked
 2022-05-11 10:31:06,996  INFO [main] demoapp:35 - test is passed
 2022-05-11 10:31:10,231  INFO [main] demoapp:22 - URL is opened
 2022-05-11 10:31:10,487  INFO [main] demoapp:24 - Username is Entered
 2022-05-11 10:31:10,686  INFO [main] demoapp:26 - Password is entered
 2022-05-11 10:31:10,863  INFO [main] demoapp:28 - Button is clicked
 2022-05-11 10:31:16,347  INFO [main] demoapp:22 - URL is opened
 2022-05-11 10:31:16,593  INFO [main] demoapp:24 - Username is Entered
 2022-05-11 10:31:16,864  INFO [main] demoapp:26 - Password is entered
 2022-05-11 10:31:17,150  INFO [main] demoapp:28 - Button is clicked
 2022-05-11 10:31:20,182  INFO [main] demoapp:35 - test is passed
 2022-05-11 10:31:23,485  INFO [main] demoapp:22 - URL is opened
 2022-05-11 10:31:23,690  INFO [main] demoapp:24 - Username is Entered
 2022-05-11 10:31:23,834  INFO [main] demoapp:26 - Password is entered
 2022-05-11 10:31:28,952  INFO [main] demoapp:28 - Button is clicked
 2022-05-11 10:31:31,985  INFO [main] demoapp:35 - test is passed
 2022-05-11 10:39:01,442  INFO [main] demoapp:15 - URL is opened
 2022-05-11 10:39:01,684  INFO [main] demoapp:18 - Username is Entered
 2022-05-11 10:39:01,802  INFO [main] demoapp:20 - Password is entered
 2022-05-11 10:39:02,032  INFO [main] demoapp:22 - Button is clicked
 2022-05-11 10:39:12,207  INFO [main] demoapp:22 - URL is opened
 2022-05-11 10:39:12,337  INFO [main] demoapp:24 - Username is Entered
 2022-05-11 10:39:12,483  INFO [main] demoapp:26 - Password is entered
 2022-05-11 10:39:12,623  INFO [main] demoapp:28 - Button is clicked
 2022-05-11 10:39:18,635  INFO [main] demoapp:22 - URL is opened
 2022-05-11 10:39:18,771  INFO [main] demoapp:24 - Username is Entered
 2022-05-11 10:39:18,965  INFO [main] demoapp:26 - Password is entered
 2022-05-11 10:39:19,270  INFO [main] demoapp:28 - Button is clicked
 2022-05-11 10:39:22,310  INFO [main] demoapp:35 - test is passed
 2022-05-11 10:39:25,594  INFO [main] demoapp:22 - URL is opened
 2022-05-11 10:39:25,720  INFO [main] demoapp:24 - Username is Entered
 2022-05-11 10:39:25,834  INFO [main] demoapp:26 - Password is entered
 2022-05-11 10:39:25,918  INFO [main] demoapp:28 - Button is clicked
 2022-05-11 10:39:31,316  INFO [main] demoapp:22 - URL is opened
 2022-05-11 10:39:31,466  INFO [main] demoapp:24 - Username is Entered
 2022-05-11 10:39:31,672  INFO [main] demoapp:26 - Password is entered
 2022-05-11 10:39:31,805  INFO [main] demoapp:28 - Button is clicked
 2022-05-11 10:39:34,837  INFO [main] demoapp:35 - test is passed
 2022-05-11 10:39:38,169  INFO [main] demoapp:22 - URL is opened
 2022-05-11 10:39:38,380  INFO [main] demoapp:24 - Username is Entered
 2022-05-11 10:39:38,569  INFO [main] demoapp:26 - Password is entered
 2022-05-11 10:39:43,758  INFO [main] demoapp:28 - Button is clicked
 2022-05-11 10:39:46,794  INFO [main] demoapp:35 - test is passed
 2022-05-11 10:53:24,579  INFO [main] demoapp:15 - URL is opened
 2022-05-11 10:53:24,856  INFO [main] demoapp:18 - Username is Entered
 2022-05-11 10:53:25,051  INFO [main] demoapp:20 - Password is entered
 2022-05-11 10:53:25,404  INFO [main] demoapp:22 - Button is clicked
 2022-05-11 10:53:35,708  INFO [main] demoapp:22 - URL is opened
 2022-05-11 10:53:35,900  INFO [main] demoapp:24 - Username is Entered
 2022-05-11 10:53:36,062  INFO [main] demoapp:26 - Password is entered
 2022-05-11 10:53:36,211  INFO [main] demoapp:28 - Button is clicked
 2022-05-11 10:53:41,830  INFO [main] demoapp:22 - URL is opened
 2022-05-11 10:53:42,021  INFO [main] demoapp:24 - Username is Entered
 2022-05-11 10:53:42,165  INFO [main] demoapp:26 - Password is entered
 2022-05-11 10:53:42,384  INFO [main] demoapp:28 - Button is clicked
 2022-05-11 10:53:45,406  INFO [main] demoapp:35 - test is passed
 2022-05-11 10:53:48,622  INFO [main] demoapp:22 - URL is opened
 2022-05-11 10:53:48,789  INFO [main] demoapp:24 - Username is Entered
 2022-05-11 10:53:48,950  INFO [main] demoapp:26 - Password is entered
 2022-05-11 10:53:49,062  INFO [main] demoapp:28 - Button is clicked
 2022-05-11 10:53:54,715  INFO [main] demoapp:22 - URL is opened
 2022-05-11 10:53:55,003  INFO [main] demoapp:24 - Username is Entered
 2022-05-11 10:53:55,193  INFO [main] demoapp:26 - Password is entered
 2022-05-11 10:53:55,359  INFO [main] demoapp:28 - Button is clicked
 2022-05-11 10:53:58,391  INFO [main] demoapp:35 - test is passed
 2022-05-11 10:54:01,749  INFO [main] demoapp:22 - URL is opened
 2022-05-11 10:54:02,127  INFO [main] demoapp:24 - Username is Entered
 2022-05-11 10:54:02,471  INFO [main] demoapp:26 - Password is entered
 2022-05-11 10:54:07,747  INFO [main] demoapp:28 - Button is clicked
 2022-05-11 10:54:10,785  INFO [main] demoapp:35 - test is passed
 2022-05-11 11:03:33,819  INFO [main] demoapp:15 - URL is opened
 2022-05-11 11:03:34,094  INFO [main] demoapp:18 - Username is Entered
 2022-05-11 11:03:34,232  INFO [main] demoapp:20 - Password is entered
 2022-05-11 11:03:34,461  INFO [main] demoapp:22 - Button is clicked
 2022-05-11 11:07:42,643  INFO [main] demoapp:15 - URL is opened
 2022-05-11 11:07:42,860  INFO [main] demoapp:18 - Username is Entered
 2022-05-11 11:07:42,986  INFO [main] demoapp:20 - Password is entered
 2022-05-11 11:07:43,195  INFO [main] demoapp:22 - Button is clicked
 2022-05-11 11:07:52,796  INFO [main] demoapp:22 - URL is opened
 2022-05-11 11:07:52,940  INFO [main] demoapp:24 - Username is Entered
 2022-05-11 11:07:53,168  INFO [main] demoapp:26 - Password is entered
 2022-05-11 11:07:53,361  INFO [main] demoapp:28 - Button is clicked
 2022-05-11 11:07:58,839  INFO [main] demoapp:47 - test is failed
 2022-05-11 11:07:58,847  INFO [main] demoapp:22 - URL is opened
 2022-05-11 11:07:59,006  INFO [main] demoapp:24 - Username is Entered
 2022-05-11 11:07:59,112  INFO [main] demoapp:26 - Password is entered
 2022-05-11 11:07:59,328  INFO [main] demoapp:28 - Button is clicked
 2022-05-11 11:08:02,367  INFO [main] demoapp:35 - test is passed
 2022-05-11 11:08:05,558  INFO [main] demoapp:22 - URL is opened
 2022-05-11 11:08:05,658  INFO [main] demoapp:24 - Username is Entered
 2022-05-11 11:08:05,759  INFO [main] demoapp:26 - Password is entered
 2022-05-11 11:08:05,839  INFO [main] demoapp:28 - Button is clicked
 2022-05-11 11:08:11,246  INFO [main] demoapp:47 - test is failed
 2022-05-11 11:08:11,253  INFO [main] demoapp:22 - URL is opened
 2022-05-11 11:08:11,393  INFO [main] demoapp:24 - Username is Entered
 2022-05-11 11:08:11,536  INFO [main] demoapp:26 - Password is entered
 2022-05-11 11:08:11,672  INFO [main] demoapp:28 - Button is clicked
 2022-05-11 11:08:14,712  INFO [main] demoapp:35 - test is passed
 2022-05-11 11:08:18,034  INFO [main] demoapp:22 - URL is opened
 2022-05-11 11:08:18,222  INFO [main] demoapp:24 - Username is Entered
 2022-05-11 11:08:18,371  INFO [main] demoapp:26 - Password is entered
 2022-05-11 11:08:23,496  INFO [main] demoapp:28 - Button is clicked
 2022-05-11 11:08:26,529  INFO [main] demoapp:35 - test is passed
 2022-05-11 11:09:52,613  INFO [main] demoapp:15 - URL is opened
 2022-05-11 11:09:52,874  INFO [main] demoapp:18 - Username is Entered
 2022-05-11 11:09:52,998  INFO [main] demoapp:20 - Password is entered
 2022-05-11 11:09:53,207  INFO [main] demoapp:22 - Button is clicked
 2022-05-11 11:09:54,019  INFO [main] demoapp:32 - test is failed
 2022-05-11 11:10:02,767  INFO [main] demoapp:22 - URL is opened
 2022-05-11 11:10:02,895  INFO [main] demoapp:24 - Username is Entered
 2022-05-11 11:10:03,128  INFO [main] demoapp:26 - Password is entered
 2022-05-11 11:10:03,279  INFO [main] demoapp:28 - Button is clicked
 2022-05-11 11:10:08,833  INFO [main] demoapp:47 - test is failed
 2022-05-11 11:10:08,845  INFO [main] demoapp:22 - URL is opened
 2022-05-11 11:10:09,048  INFO [main] demoapp:24 - Username is Entered
 2022-05-11 11:10:09,215  INFO [main] demoapp:26 - Password is entered
 2022-05-11 11:10:09,552  INFO [main] demoapp:28 - Button is clicked
 2022-05-11 11:10:12,586  INFO [main] demoapp:35 - test is passed
 2022-05-11 11:10:15,774  INFO [main] demoapp:22 - URL is opened
 2022-05-11 11:10:15,879  INFO [main] demoapp:24 - Username is Entered
 2022-05-11 11:10:15,996  INFO [main] demoapp:26 - Password is entered
 2022-05-11 11:10:16,093  INFO [main] demoapp:28 - Button is clicked
 2022-05-11 11:10:21,691  INFO [main] demoapp:47 - test is failed
 2022-05-11 11:10:21,702  INFO [main] demoapp:22 - URL is opened
 2022-05-11 11:10:21,878  INFO [main] demoapp:24 - Username is Entered
 2022-05-11 11:10:22,015  INFO [main] demoapp:26 - Password is entered
 2022-05-11 11:10:22,222  INFO [main] demoapp:28 - Button is clicked
 2022-05-11 11:10:25,254  INFO [main] demoapp:35 - test is passed
 2022-05-11 11:10:28,633  INFO [main] demoapp:22 - URL is opened
 2022-05-11 11:10:28,828  INFO [main] demoapp:24 - Username is Entered
 2022-05-11 11:10:28,955  INFO [main] demoapp:26 - Password is entered
 2022-05-11 11:10:34,109  INFO [main] demoapp:28 - Button is clicked
 2022-05-11 11:10:37,137  INFO [main] demoapp:35 - test is passed
 2022-05-11 11:17:23,428  INFO [main] demoapp:15 - URL is opened
 2022-05-11 11:17:23,779  INFO [main] demoapp:18 - Username is Entered
 2022-05-11 11:17:23,952  INFO [main] demoapp:20 - Password is entered
 2022-05-11 11:17:24,160  INFO [main] demoapp:22 - Button is clicked
 2022-05-11 11:17:24,844  INFO [main] demoapp:32 - test is failed
 2022-05-11 11:17:34,398  INFO [main] demoapp:22 - URL is opened
 2022-05-11 11:17:34,537  INFO [main] demoapp:24 - Username is Entered
 2022-05-11 11:17:34,688  INFO [main] demoapp:26 - Password is entered
 2022-05-11 11:17:34,824  INFO [main] demoapp:28 - Button is clicked
 2022-05-11 11:17:40,318  INFO [main] demoapp:47 - test is failed
 2022-05-11 11:17:40,335  INFO [main] demoapp:22 - URL is opened
 2022-05-11 11:17:40,491  INFO [main] demoapp:24 - Username is Entered
 2022-05-11 11:17:40,619  INFO [main] demoapp:26 - Password is entered
 2022-05-11 11:17:40,810  INFO [main] demoapp:28 - Button is clicked
 2022-05-11 11:17:43,830  INFO [main] demoapp:35 - test is passed
 2022-05-11 11:17:47,097  INFO [main] demoapp:22 - URL is opened
 2022-05-11 11:17:47,280  INFO [main] demoapp:24 - Username is Entered
 2022-05-11 11:17:47,503  INFO [main] demoapp:26 - Password is entered
 2022-05-11 11:17:47,603  INFO [main] demoapp:28 - Button is clicked
 2022-05-11 11:17:53,187  INFO [main] demoapp:47 - test is failed
 2022-05-11 11:17:53,200  INFO [main] demoapp:22 - URL is opened
 2022-05-11 11:17:53,389  INFO [main] demoapp:24 - Username is Entered
 2022-05-11 11:17:53,632  INFO [main] demoapp:26 - Password is entered
 2022-05-11 11:17:53,739  INFO [main] demoapp:28 - Button is clicked
 2022-05-11 11:17:56,758  INFO [main] demoapp:35 - test is passed
 2022-05-11 11:17:59,992  INFO [main] demoapp:22 - URL is opened
 2022-05-11 11:18:00,158  INFO [main] demoapp:24 - Username is Entered
 2022-05-11 11:18:00,257  INFO [main] demoapp:26 - Password is entered
 2022-05-11 11:18:05,363  INFO [main] demoapp:28 - Button is clicked
 2022-05-11 11:18:08,394  INFO [main] demoapp:35 - test is passed
 2022-05-11 11:19:04,803  INFO [main] demoapp:15 - URL is opened
 2022-05-11 11:19:05,018  INFO [main] demoapp:18 - Username is Entered
 2022-05-11 11:19:05,148  INFO [main] demoapp:20 - Password is entered
 2022-05-11 11:19:05,445  INFO [main] demoapp:22 - Button is clicked
 2022-05-11 11:19:06,236  INFO [main] demoapp:32 - test is failed
 2022-05-11 11:19:14,720  INFO [main] demoapp:22 - URL is opened
 2022-05-11 11:19:14,917  INFO [main] demoapp:24 - Username is Entered
 2022-05-11 11:19:15,075  INFO [main] demoapp:26 - Password is entered
 2022-05-11 11:19:15,199  INFO [main] demoapp:28 - Button is clicked
 2022-05-11 11:19:20,707  INFO [main] demoapp:47 - test is failed
 2022-05-11 11:19:20,721  INFO [main] demoapp:22 - URL is opened
 2022-05-11 11:19:20,870  INFO [main] demoapp:24 - Username is Entered
 2022-05-11 11:19:20,993  INFO [main] demoapp:26 - Password is entered
 2022-05-11 11:19:21,240  INFO [main] demoapp:28 - Button is clicked
 2022-05-11 11:19:24,265  INFO [main] demoapp:35 - test is passed
 2022-05-11 11:19:27,578  INFO [main] demoapp:22 - URL is opened
 2022-05-11 11:19:27,865  INFO [main] demoapp:24 - Username is Entered
 2022-05-11 11:19:28,117  INFO [main] demoapp:26 - Password is entered
 2022-05-11 11:19:28,380  INFO [main] demoapp:28 - Button is clicked
 2022-05-11 11:19:33,837  INFO [main] demoapp:47 - test is failed
 2022-05-11 11:19:33,848  INFO [main] demoapp:22 - URL is opened
 2022-05-11 11:19:34,116  INFO [main] demoapp:24 - Username is Entered
 2022-05-11 11:19:34,284  INFO [main] demoapp:26 - Password is entered
 2022-05-11 11:19:34,568  INFO [main] demoapp:28 - Button is clicked
 2022-05-11 11:19:37,607  INFO [main] demoapp:35 - test is passed
 2022-05-11 11:19:40,843  INFO [main] demoapp:22 - URL is opened
 2022-05-11 11:19:40,966  INFO [main] demoapp:24 - Username is Entered
 2022-05-11 11:19:41,060  INFO [main] demoapp:26 - Password is entered
 2022-05-11 11:19:46,174  INFO [main] demoapp:28 - Button is clicked
 2022-05-11 11:19:49,209  INFO [main] demoapp:35 - test is passed
 2022-05-11 11:29:31,917  INFO [main] demoapp:15 - URL is opened
 2022-05-11 11:29:32,136  INFO [main] demoapp:18 - Username is Entered
 2022-05-11 11:29:32,273  INFO [main] demoapp:20 - Password is entered
 2022-05-11 11:29:32,474  INFO [main] demoapp:22 - Button is clicked
 2022-05-11 11:29:32,964  INFO [main] demoapp:32 - test is failed
 2022-05-11 11:29:42,827  INFO [main] demoapp:22 - URL is opened
 2022-05-11 11:29:42,962  INFO [main] demoapp:24 - Username is Entered
 2022-05-11 11:29:43,130  INFO [main] demoapp:26 - Password is entered
 2022-05-11 11:29:43,261  INFO [main] demoapp:28 - Button is clicked
 2022-05-11 11:29:48,820  INFO [main] demoapp:47 - test is failed
 2022-05-11 11:29:48,835  INFO [main] demoapp:22 - URL is opened
 2022-05-11 11:29:48,967  INFO [main] demoapp:24 - Username is Entered
 2022-05-11 11:29:49,085  INFO [main] demoapp:26 - Password is entered
 2022-05-11 11:29:49,274  INFO [main] demoapp:28 - Button is clicked
 2022-05-11 11:29:52,311  INFO [main] demoapp:35 - test is passed
 2022-05-11 11:29:55,615  INFO [main] demoapp:22 - URL is opened
 2022-05-11 11:29:55,860  INFO [main] demoapp:24 - Username is Entered
 2022-05-11 11:29:56,108  INFO [main] demoapp:26 - Password is entered
 2022-05-11 11:29:56,354  INFO [main] demoapp:28 - Button is clicked
 2022-05-11 11:30:01,878  INFO [main] demoapp:47 - test is failed
 2022-05-11 11:30:01,893  INFO [main] demoapp:22 - URL is opened
 2022-05-11 11:30:02,177  INFO [main] demoapp:24 - Username is Entered
 2022-05-11 11:30:02,447  INFO [main] demoapp:26 - Password is entered
 2022-05-11 11:30:02,756  INFO [main] demoapp:28 - Button is clicked
 2022-05-11 11:30:05,794  INFO [main] demoapp:35 - test is passed
 2022-05-11 11:30:09,131  INFO [main] demoapp:22 - URL is opened
 2022-05-11 11:30:09,373  INFO [main] demoapp:24 - Username is Entered
 2022-05-11 11:30:09,488  INFO [main] demoapp:26 - Password is entered
 2022-05-11 11:30:14,605  INFO [main] demoapp:28 - Button is clicked
 2022-05-11 11:30:17,642  INFO [main] demoapp:35 - test is passed
 2022-05-11 11:38:34,108  INFO [main] demoapp:15 - URL is opened
 2022-05-11 11:38:34,377  INFO [main] demoapp:18 - Username is Entered
 2022-05-11 11:38:34,519  INFO [main] demoapp:20 - Password is entered
 2022-05-11 11:38:34,722  INFO [main] demoapp:22 - Button is clicked
 2022-05-11 11:38:35,274  INFO [main] demoapp:32 - test is failed
 2022-05-11 11:38:44,264  INFO [main] demoapp:22 - URL is opened
 2022-05-11 11:38:44,389  INFO [main] demoapp:24 - Username is Entered
 2022-05-11 11:38:44,553  INFO [main] demoapp:26 - Password is entered
 2022-05-11 11:38:44,782  INFO [main] demoapp:28 - Button is clicked
 2022-05-11 11:38:50,235  INFO [main] demoapp:47 - test is failed
 2022-05-11 11:38:50,260  INFO [main] demoapp:22 - URL is opened
 2022-05-11 11:38:50,416  INFO [main] demoapp:24 - Username is Entered
 2022-05-11 11:38:50,533  INFO [main] demoapp:26 - Password is entered
 2022-05-11 11:38:50,753  INFO [main] demoapp:28 - Button is clicked
 2022-05-11 11:38:53,781  INFO [main] demoapp:35 - test is passed
 2022-05-11 11:38:57,011  INFO [main] demoapp:22 - URL is opened
 2022-05-11 11:38:57,254  INFO [main] demoapp:24 - Username is Entered
 2022-05-11 11:38:57,459  INFO [main] demoapp:26 - Password is entered
 2022-05-11 11:38:57,594  INFO [main] demoapp:28 - Button is clicked
 2022-05-11 11:39:02,961  INFO [main] demoapp:47 - test is failed
 2022-05-11 11:39:02,969  INFO [main] demoapp:22 - URL is opened
 2022-05-11 11:39:03,169  INFO [main] demoapp:24 - Username is Entered
 2022-05-11 11:39:03,379  INFO [main] demoapp:26 - Password is entered
 2022-05-11 11:39:03,602  INFO [main] demoapp:28 - Button is clicked
 2022-05-11 11:39:06,636  INFO [main] demoapp:35 - test is passed
 2022-05-11 11:39:09,932  INFO [main] demoapp:22 - URL is opened
 2022-05-11 11:39:10,254  INFO [main] demoapp:24 - Username is Entered
 2022-05-11 11:39:10,489  INFO [main] demoapp:26 - Password is entered
 2022-05-11 11:39:15,728  INFO [main] demoapp:28 - Button is clicked
 2022-05-11 11:39:18,762  INFO [main] demoapp:35 - test is passed
 2022-05-11 11:43:37,729  INFO [main] demoapp:15 - URL is opened
 2022-05-11 11:43:37,969  INFO [main] demoapp:18 - Username is Entered
 2022-05-11 11:43:38,141  INFO [main] demoapp:20 - Password is entered
 2022-05-11 11:43:38,397  INFO [main] demoapp:22 - Button is clicked
 2022-05-11 11:43:39,200  INFO [main] demoapp:32 - test is failed
 2022-05-11 11:43:48,720  INFO [main] demoapp:22 - URL is opened
 2022-05-11 11:43:48,871  INFO [main] demoapp:24 - Username is Entered
 2022-05-11 11:43:48,984  INFO [main] demoapp:26 - Password is entered
 2022-05-11 11:43:49,075  INFO [main] demoapp:28 - Button is clicked
 2022-05-11 11:43:54,563  INFO [main] demoapp:47 - test is failed
 2022-05-11 11:43:54,575  INFO [main] demoapp:22 - URL is opened
 2022-05-11 11:43:54,743  INFO [main] demoapp:24 - Username is Entered
 2022-05-11 11:43:54,855  INFO [main] demoapp:26 - Password is entered
 2022-05-11 11:43:55,087  INFO [main] demoapp:28 - Button is clicked
 2022-05-11 11:43:58,115  INFO [main] demoapp:35 - test is passed
 2022-05-11 11:44:01,273  INFO [main] demoapp:22 - URL is opened
 2022-05-11 11:44:01,391  INFO [main] demoapp:24 - Username is Entered
 2022-05-11 11:44:01,508  INFO [main] demoapp:26 - Password is entered
 2022-05-11 11:44:01,604  INFO [main] demoapp:28 - Button is clicked
 2022-05-11 11:44:06,967  INFO [main] demoapp:47 - test is failed
 2022-05-11 11:44:06,972  INFO [main] demoapp:22 - URL is opened
 2022-05-11 11:44:07,082  INFO [main] demoapp:24 - Username is Entered
 2022-05-11 11:44:07,194  INFO [main] demoapp:26 - Password is entered
 2022-05-11 11:44:07,334  INFO [main] demoapp:28 - Button is clicked
 2022-05-11 11:44:10,377  INFO [main] demoapp:35 - test is passed
 2022-05-11 11:44:13,690  INFO [main] demoapp:22 - URL is opened
 2022-05-11 11:44:13,890  INFO [main] demoapp:24 - Username is Entered
 2022-05-11 11:44:14,042  INFO [main] demoapp:26 - Password is entered
 2022-05-11 11:44:19,192  INFO [main] demoapp:28 - Button is clicked
 2022-05-11 11:44:22,220  INFO [main] demoapp:35 - test is passed
 2022-05-11 11:54:46,320  INFO [main] demoapp:15 - URL is opened
 2022-05-11 11:54:46,562  INFO [main] demoapp:18 - Username is Entered
 2022-05-11 11:54:46,704  INFO [main] demoapp:20 - Password is entered
 2022-05-11 11:54:46,894  INFO [main] demoapp:22 - Button is clicked
 2022-05-11 11:54:47,407  INFO [main] demoapp:32 - test is failed
 2022-05-11 11:54:57,021  INFO [main] demoapp:22 - URL is opened
 2022-05-11 11:54:57,174  INFO [main] demoapp:24 - Username is Entered
 2022-05-11 11:54:57,315  INFO [main] demoapp:26 - Password is entered
 2022-05-11 11:54:57,432  INFO [main] demoapp:28 - Button is clicked
 2022-05-11 11:55:02,881  INFO [main] demoapp:47 - test is failed
 2022-05-11 11:55:02,894  INFO [main] demoapp:22 - URL is opened
 2022-05-11 11:55:03,063  INFO [main] demoapp:24 - Username is Entered
 2022-05-11 11:55:03,186  INFO [main] demoapp:26 - Password is entered
 2022-05-11 11:55:03,430  INFO [main] demoapp:28 - Button is clicked
 2022-05-11 11:55:06,454  INFO [main] demoapp:35 - test is passed
 2022-05-11 11:55:09,695  INFO [main] demoapp:22 - URL is opened
 2022-05-11 11:55:09,863  INFO [main] demoapp:24 - Username is Entered
 2022-05-11 11:55:10,001  INFO [main] demoapp:26 - Password is entered
 2022-05-11 11:55:10,117  INFO [main] demoapp:28 - Button is clicked
 2022-05-11 11:55:15,611  INFO [main] demoapp:47 - test is failed
 2022-05-11 11:55:15,622  INFO [main] demoapp:22 - URL is opened
 2022-05-11 11:55:15,758  INFO [main] demoapp:24 - Username is Entered
 2022-05-11 11:55:15,904  INFO [main] demoapp:26 - Password is entered
 2022-05-11 11:55:16,032  INFO [main] demoapp:28 - Button is clicked
 2022-05-11 11:55:19,062  INFO [main] demoapp:35 - test is passed
 2022-05-11 11:55:22,321  INFO [main] demoapp:22 - URL is opened
 2022-05-11 11:55:22,449  INFO [main] demoapp:24 - Username is Entered
 2022-05-11 11:55:22,547  INFO [main] demoapp:26 - Password is entered
 2022-05-11 11:55:27,763  INFO [main] demoapp:28 - Button is clicked
 2022-05-11 11:55:30,825  INFO [main] demoapp:35 - test is passed
 2022-05-11 13:14:02,090  INFO [main] demoapp:15 - URL is opened
 2022-05-11 13:14:02,343  INFO [main] demoapp:18 - Username is Entered
 2022-05-11 13:14:02,476  INFO [main] demoapp:20 - Password is entered
 2022-05-11 13:14:02,717  INFO [main] demoapp:22 - Button is clicked
 2022-05-11 13:14:12,098  INFO [main] demoapp:22 - URL is opened
 2022-05-11 13:14:12,237  INFO [main] demoapp:24 - Username is Entered
 2022-05-11 13:14:12,428  INFO [main] demoapp:26 - Password is entered
 2022-05-11 13:14:12,634  INFO [main] demoapp:28 - Button is clicked
 2022-05-11 13:14:15,656  INFO [main] demoapp:22 - URL is opened
 2022-05-11 13:14:15,755  INFO [main] demoapp:24 - Username is Entered
 2022-05-11 13:14:15,878  INFO [main] demoapp:26 - Password is entered
 2022-05-11 13:14:15,950  INFO [main] demoapp:28 - Button is clicked
 2022-05-11 13:14:18,995  INFO [main] demoapp:22 - URL is opened
 2022-05-11 13:14:19,130  INFO [main] demoapp:24 - Username is Entered
 2022-05-11 13:14:19,253  INFO [main] demoapp:26 - Password is entered
 2022-05-11 13:14:19,319  INFO [main] demoapp:28 - Button is clicked
 2022-05-11 13:14:22,359  INFO [main] demoapp:22 - URL is opened
 2022-05-11 13:14:22,513  INFO [main] demoapp:24 - Username is Entered
 2022-05-11 13:14:22,707  INFO [main] demoapp:26 - Password is entered
 2022-05-11 13:14:22,776  INFO [main] demoapp:28 - Button is clicked
 2022-05-11 13:14:25,802  INFO [main] demoapp:22 - URL is opened
 2022-05-11 13:14:25,909  INFO [main] demoapp:24 - Username is Entered
 2022-05-11 13:14:26,017  INFO [main] demoapp:26 - Password is entered
 2022-05-11 13:14:26,073  INFO [main] demoapp:28 - Button is clicked
 2022-05-11 13:27:46,049  INFO [main] demoapp:15 - URL is opened
 2022-05-11 13:27:46,280  INFO [main] demoapp:18 - Username is Entered
 2022-05-11 13:27:46,452  INFO [main] demoapp:20 - Password is entered
 2022-05-11 13:27:46,678  INFO [main] demoapp:22 - Button is clicked
 2022-05-11 13:27:47,552  INFO [main] demoapp:32 - test is failed
 2022-05-11 13:27:56,897  INFO [main] demoapp:22 - URL is opened
 2022-05-11 13:27:57,057  INFO [main] demoapp:24 - Username is Entered
 2022-05-11 13:27:57,230  INFO [main] demoapp:26 - Password is entered
 2022-05-11 13:27:57,391  INFO [main] demoapp:28 - Button is clicked
 2022-05-11 13:28:02,881  INFO [main] demoapp:47 - test is failed
 2022-05-11 13:28:02,897  INFO [main] demoapp:22 - URL is opened
 2022-05-11 13:28:03,042  INFO [main] demoapp:24 - Username is Entered
 2022-05-11 13:28:03,165  INFO [main] demoapp:26 - Password is entered
 2022-05-11 13:28:03,393  INFO [main] demoapp:28 - Button is clicked
 2022-05-11 13:28:06,412  INFO [main] demoapp:35 - test is passed
 2022-05-11 13:28:09,705  INFO [main] demoapp:22 - URL is opened
 2022-05-11 13:28:09,993  INFO [main] demoapp:24 - Username is Entered
 2022-05-11 13:28:10,127  INFO [main] demoapp:26 - Password is entered
 2022-05-11 13:28:10,237  INFO [main] demoapp:28 - Button is clicked
 2022-05-11 13:28:15,714  INFO [main] demoapp:47 - test is failed
 2022-05-11 13:28:15,720  INFO [main] demoapp:22 - URL is opened
 2022-05-11 13:28:15,877  INFO [main] demoapp:24 - Username is Entered
 2022-05-11 13:28:16,146  INFO [main] demoapp:26 - Password is entered
 2022-05-11 13:28:16,439  INFO [main] demoapp:28 - Button is clicked
 2022-05-11 13:28:19,479  INFO [main] demoapp:35 - test is passed
 2022-05-11 13:28:22,722  INFO [main] demoapp:22 - URL is opened
 2022-05-11 13:28:22,866  INFO [main] demoapp:24 - Username is Entered
 2022-05-11 13:28:22,983  INFO [main] demoapp:26 - Password is entered
 2022-05-11 13:28:28,116  INFO [main] demoapp:28 - Button is clicked
 2022-05-11 13:28:31,140  INFO [main] demoapp:35 - test is passed
 2022-05-11 13:51:38,303  INFO [main] demoapp:15 - URL is opened
 2022-05-11 13:51:38,689  INFO [main] demoapp:18 - Username is Entered
 2022-05-11 13:51:38,953  INFO [main] demoapp:20 - Password is entered
 2022-05-11 13:51:39,270  INFO [main] demoapp:22 - Button is clicked
 2022-05-11 13:51:40,177  INFO [main] demoapp:32 - test is failed
 2022-05-11 13:51:49,500  INFO [main] demoapp:22 - URL is opened
 2022-05-11 13:51:49,639  INFO [main] demoapp:24 - Username is Entered
 2022-05-11 13:51:49,766  INFO [main] demoapp:26 - Password is entered
 2022-05-11 13:51:49,863  INFO [main] demoapp:28 - Button is clicked
 2022-05-11 13:51:55,507  INFO [main] demoapp:47 - test is failed
 2022-05-11 13:51:55,511  INFO [main] demoapp:22 - URL is opened
 2022-05-11 13:51:55,676  INFO [main] demoapp:24 - Username is Entered
 2022-05-11 13:51:55,813  INFO [main] demoapp:26 - Password is entered
 2022-05-11 13:51:56,071  INFO [main] demoapp:28 - Button is clicked
 2022-05-11 13:51:59,098  INFO [main] demoapp:35 - test is passed
 2022-05-11 13:52:02,405  INFO [main] demoapp:22 - URL is opened
 2022-05-11 13:52:02,547  INFO [main] demoapp:24 - Username is Entered
 2022-05-11 13:52:02,705  INFO [main] demoapp:26 - Password is entered
 2022-05-11 13:52:02,806  INFO [main] demoapp:28 - Button is clicked
 2022-05-11 13:52:08,301  INFO [main] demoapp:47 - test is failed
 2022-05-11 13:52:08,307  INFO [main] demoapp:22 - URL is opened
 2022-05-11 13:52:08,496  INFO [main] demoapp:24 - Username is Entered
 2022-05-11 13:52:08,668  INFO [main] demoapp:26 - Password is entered
 2022-05-11 13:52:08,873  INFO [main] demoapp:28 - Button is clicked
 2022-05-11 13:52:11,909  INFO [main] demoapp:35 - test is passed
 2022-05-11 13:52:15,197  INFO [main] demoapp:22 - URL is opened
 2022-05-11 13:52:15,398  INFO [main] demoapp:24 - Username is Entered
 2022-05-11 13:52:15,551  INFO [main] demoapp:26 - Password is entered
 2022-05-11 13:52:20,674  INFO [main] demoapp:28 - Button is clicked
 2022-05-11 13:52:23,691  INFO [main] demoapp:35 - test is passed
 2022-05-11 14:22:37,339  INFO [main] demoapp:15 - URL is opened
 2022-05-11 14:22:37,747  INFO [main] demoapp:18 - Username is Entered
 2022-05-11 14:22:37,965  INFO [main] demoapp:20 - Password is entered
 2022-05-11 14:22:38,236  INFO [main] demoapp:22 - Button is clicked
 2022-05-11 14:22:38,930  INFO [main] demoapp:32 - test is failed
 2022-05-11 14:22:48,215  INFO [main] demoapp:22 - URL is opened
 2022-05-11 14:22:48,355  INFO [main] demoapp:24 - Username is Entered
 2022-05-11 14:22:48,469  INFO [main] demoapp:26 - Password is entered
 2022-05-11 14:22:48,554  INFO [main] demoapp:28 - Button is clicked
 2022-05-11 14:22:54,293  INFO [main] demoapp:47 - test is failed
 2022-05-11 14:22:54,300  INFO [main] demoapp:22 - URL is opened
 2022-05-11 14:22:54,474  INFO [main] demoapp:24 - Username is Entered
 2022-05-11 14:22:54,619  INFO [main] demoapp:26 - Password is entered
 2022-05-11 14:22:54,885  INFO [main] demoapp:28 - Button is clicked
 2022-05-11 14:22:57,918  INFO [main] demoapp:35 - test is passed
 2022-05-11 14:23:01,162  INFO [main] demoapp:22 - URL is opened
 2022-05-11 14:23:01,299  INFO [main] demoapp:24 - Username is Entered
 2022-05-11 14:23:01,429  INFO [main] demoapp:26 - Password is entered
 2022-05-11 14:23:01,513  INFO [main] demoapp:28 - Button is clicked
 2022-05-11 14:23:07,283  INFO [main] demoapp:47 - test is failed
 2022-05-11 14:23:07,291  INFO [main] demoapp:22 - URL is opened
 2022-05-11 14:23:07,580  INFO [main] demoapp:24 - Username is Entered
 2022-05-11 14:23:07,918  INFO [main] demoapp:26 - Password is entered
 2022-05-11 14:23:08,159  INFO [main] demoapp:28 - Button is clicked
 2022-05-11 14:23:11,183  INFO [main] demoapp:35 - test is passed
 2022-05-11 14:23:14,391  INFO [main] demoapp:22 - URL is opened
 2022-05-11 14:23:14,586  INFO [main] demoapp:24 - Username is Entered
 2022-05-11 14:23:14,736  INFO [main] demoapp:26 - Password is entered
 2022-05-11 14:23:19,884  INFO [main] demoapp:28 - Button is clicked
 2022-05-11 14:23:22,934  INFO [main] demoapp:35 - test is passed
 2022-05-11 14:39:33,762  INFO [main] demoapp:15 - URL is opened
 2022-05-11 14:39:34,036  INFO [main] demoapp:18 - Username is Entered
 2022-05-11 14:39:34,188  INFO [main] demoapp:20 - Password is entered
 2022-05-11 14:39:34,414  INFO [main] demoapp:22 - Button is clicked
 2022-05-11 14:39:35,034  INFO [main] demoapp:32 - test is failed
 2022-05-11 14:39:42,627  INFO [main] demoapp:22 - URL is opened
 2022-05-11 14:39:42,764  INFO [main] demoapp:24 - Username is Entered
 2022-05-11 14:39:42,892  INFO [main] demoapp:26 - Password is entered
 2022-05-11 14:39:43,003  INFO [main] demoapp:28 - Button is clicked
 2022-05-11 14:39:48,450  INFO [main] demoapp:47 - test is failed
 2022-05-11 14:39:48,456  INFO [main] demoapp:22 - URL is opened
 2022-05-11 14:39:48,595  INFO [main] demoapp:24 - Username is Entered
 2022-05-11 14:39:48,719  INFO [main] demoapp:26 - Password is entered
 2022-05-11 14:39:48,932  INFO [main] demoapp:28 - Button is clicked
 2022-05-11 14:39:51,958  INFO [main] demoapp:35 - test is passed
 2022-05-11 14:39:55,193  INFO [main] demoapp:22 - URL is opened
 2022-05-11 14:39:55,334  INFO [main] demoapp:24 - Username is Entered
 2022-05-11 14:39:55,456  INFO [main] demoapp:26 - Password is entered
 2022-05-11 14:39:55,552  INFO [main] demoapp:28 - Button is clicked
 2022-05-11 14:40:00,973  INFO [main] demoapp:47 - test is failed
 2022-05-11 14:40:00,976  INFO [main] demoapp:22 - URL is opened
 2022-05-11 14:40:01,112  INFO [main] demoapp:24 - Username is Entered
 2022-05-11 14:40:01,241  INFO [main] demoapp:26 - Password is entered
 2022-05-11 14:40:01,388  INFO [main] demoapp:28 - Button is clicked
 2022-05-11 14:40:04,410  INFO [main] demoapp:35 - test is passed
 2022-05-11 14:40:07,570  INFO [main] demoapp:22 - URL is opened
 2022-05-11 14:40:07,739  INFO [main] demoapp:24 - Username is Entered
 2022-05-11 14:40:07,871  INFO [main] demoapp:26 - Password is entered
 2022-05-11 14:40:12,994  INFO [main] demoapp:28 - Button is clicked
 2022-05-11 14:40:16,019  INFO [main] demoapp:35 - test is passed
 2022-05-11 14:42:58,294  INFO [main] demoapp:15 - URL is opened
 2022-05-11 14:42:58,620  INFO [main] demoapp:18 - Username is Entered
 2022-05-11 14:42:58,758  INFO [main] demoapp:20 - Password is entered
 2022-05-11 14:42:58,966  INFO [main] demoapp:22 - Button is clicked
 2022-05-11 14:42:58,993  INFO [main] demoapp:27 - Assertiontrue
 2022-05-11 14:43:07,061  INFO [main] demoapp:22 - URL is opened
 2022-05-11 14:43:07,254  INFO [main] demoapp:24 - Username is Entered
 2022-05-11 14:43:07,557  INFO [main] demoapp:26 - Password is entered
 2022-05-11 14:43:07,769  INFO [main] demoapp:28 - Button is clicked
 2022-05-11 14:43:10,797  INFO [main] demoapp:35 - test is passed
 2022-05-11 14:43:14,001  INFO [main] demoapp:22 - URL is opened
 2022-05-11 14:43:14,144  INFO [main] demoapp:24 - Username is Entered
 2022-05-11 14:43:14,261  INFO [main] demoapp:26 - Password is entered
 2022-05-11 14:43:14,390  INFO [main] demoapp:28 - Button is clicked
 2022-05-11 14:43:17,416  INFO [main] demoapp:35 - test is passed
 2022-05-11 14:43:20,599  INFO [main] demoapp:22 - URL is opened
 2022-05-11 14:43:20,765  INFO [main] demoapp:24 - Username is Entered
 2022-05-11 14:43:20,877  INFO [main] demoapp:26 - Password is entered
 2022-05-11 14:43:21,008  INFO [main] demoapp:28 - Button is clicked
 2022-05-11 14:43:24,038  INFO [main] demoapp:35 - test is passed
 2022-05-11 14:43:27,260  INFO [main] demoapp:22 - URL is opened
 2022-05-11 14:43:27,421  INFO [main] demoapp:24 - Username is Entered
 2022-05-11 14:43:27,578  INFO [main] demoapp:26 - Password is entered
 2022-05-11 14:43:27,751  INFO [main] demoapp:28 - Button is clicked
 2022-05-11 14:43:30,776  INFO [main] demoapp:35 - test is passed
 2022-05-11 14:43:33,970  INFO [main] demoapp:22 - URL is opened
 2022-05-11 14:43:34,096  INFO [main] demoapp:24 - Username is Entered
 2022-05-11 14:43:34,211  INFO [main] demoapp:26 - Password is entered
 2022-05-11 14:43:39,336  INFO [main] demoapp:28 - Button is clicked
 2022-05-11 14:43:42,361  INFO [main] demoapp:35 - test is passed
 2022-05-11 15:07:26,723  INFO [main] demoapp:15 - URL is opened
 2022-05-11 15:07:26,994  INFO [main] demoapp:18 - Username is Entered
 2022-05-11 15:07:27,154  INFO [main] demoapp:20 - Password is entered
 2022-05-11 15:07:27,378  INFO [main] demoapp:22 - Button is clicked
 2022-05-11 15:07:27,399  INFO [main] demoapp:27 - Assertiontrue
 2022-05-11 15:07:36,949  INFO [main] demoapp:22 - URL is opened
 2022-05-11 15:07:37,080  INFO [main] demoapp:24 - Username is Entered
 2022-05-11 15:07:37,240  INFO [main] demoapp:26 - Password is entered
 2022-05-11 15:07:37,429  INFO [main] demoapp:28 - Button is clicked
 2022-05-11 15:07:40,457  INFO [main] demoapp:35 - test is passed
 2022-05-11 15:07:43,618  INFO [main] demoapp:22 - URL is opened
 2022-05-11 15:07:43,730  INFO [main] demoapp:24 - Username is Entered
 2022-05-11 15:07:43,862  INFO [main] demoapp:26 - Password is entered
 2022-05-11 15:07:43,967  INFO [main] demoapp:28 - Button is clicked
 2022-05-11 15:07:46,991  INFO [main] demoapp:35 - test is passed
 2022-05-11 15:07:50,194  INFO [main] demoapp:22 - URL is opened
 2022-05-11 15:07:50,308  INFO [main] demoapp:24 - Username is Entered
 2022-05-11 15:07:50,438  INFO [main] demoapp:26 - Password is entered
 2022-05-11 15:07:50,550  INFO [main] demoapp:28 - Button is clicked
 2022-05-11 15:07:53,581  INFO [main] demoapp:35 - test is passed
 2022-05-11 15:07:56,827  INFO [main] demoapp:22 - URL is opened
 2022-05-11 15:07:56,987  INFO [main] demoapp:24 - Username is Entered
 2022-05-11 15:07:57,116  INFO [main] demoapp:26 - Password is entered
 2022-05-11 15:07:57,280  INFO [main] demoapp:28 - Button is clicked
 2022-05-11 15:08:00,297  INFO [main] demoapp:35 - test is passed
 2022-05-11 15:08:03,486  INFO [main] demoapp:22 - URL is opened
 2022-05-11 15:08:03,627  INFO [main] demoapp:24 - Username is Entered
 2022-05-11 15:08:03,785  INFO [main] demoapp:26 - Password is entered
 2022-05-11 15:08:08,919  INFO [main] demoapp:28 - Button is clicked
 2022-05-11 15:08:11,948  INFO [main] demoapp:35 - test is passed
 2022-05-11 15:22:36,189  INFO [main] demoapp:15 - URL is opened
 2022-05-11 15:22:36,493  INFO [main] demoapp:18 - Username is Entered
 2022-05-11 15:22:36,634  INFO [main] demoapp:20 - Password is entered
 2022-05-11 15:22:36,849  INFO [main] demoapp:22 - Button is clicked
 2022-05-11 15:22:36,870  INFO [main] demoapp:27 - Assertiontrue
 2022-05-11 15:22:46,045  INFO [main] demoapp:22 - URL is opened
 2022-05-11 15:22:46,178  INFO [main] demoapp:24 - Username is Entered
 2022-05-11 15:22:46,336  INFO [main] demoapp:26 - Password is entered
 2022-05-11 15:22:46,530  INFO [main] demoapp:28 - Button is clicked
 2022-05-11 15:22:49,550  INFO [main] demoapp:35 - test is passed
 2022-05-11 15:22:52,714  INFO [main] demoapp:22 - URL is opened
 2022-05-11 15:22:52,825  INFO [main] demoapp:24 - Username is Entered
 2022-05-11 15:22:52,949  INFO [main] demoapp:26 - Password is entered
 2022-05-11 15:22:53,082  INFO [main] demoapp:28 - Button is clicked
 2022-05-11 15:22:56,105  INFO [main] demoapp:35 - test is passed
 2022-05-11 15:22:59,345  INFO [main] demoapp:22 - URL is opened
 2022-05-11 15:22:59,490  INFO [main] demoapp:24 - Username is Entered
 2022-05-11 15:22:59,590  INFO [main] demoapp:26 - Password is entered
 2022-05-11 15:22:59,719  INFO [main] demoapp:28 - Button is clicked
 2022-05-11 15:23:02,745  INFO [main] demoapp:35 - test is passed
 2022-05-11 15:23:06,027  INFO [main] demoapp:22 - URL is opened
 2022-05-11 15:23:06,204  INFO [main] demoapp:24 - Username is Entered
 2022-05-11 15:23:06,393  INFO [main] demoapp:26 - Password is entered
 2022-05-11 15:23:06,563  INFO [main] demoapp:28 - Button is clicked
 2022-05-11 15:23:09,594  INFO [main] demoapp:35 - test is passed
 2022-05-11 15:23:12,867  INFO [main] demoapp:22 - URL is opened
 2022-05-11 15:23:13,055  INFO [main] demoapp:24 - Username is Entered
 2022-05-11 15:23:13,211  INFO [main] demoapp:26 - Password is entered
 2022-05-11 15:23:18,376  INFO [main] demoapp:28 - Button is clicked
 2022-05-11 15:23:21,399  INFO [main] demoapp:35 - test is passed
 2022-05-11 16:24:49,731  INFO [main] demoapp:15 - URL is opened
 2022-05-11 16:24:49,874  INFO [main] demoapp:18 - Username is Entered
 2022-05-11 16:24:49,963  INFO [main] demoapp:20 - Password is entered
 2022-05-11 16:24:50,099  INFO [main] demoapp:22 - Button is clicked
 2022-05-11 16:24:50,112  INFO [main] demoapp:27 - Assertiontrue
 2022-05-11 16:24:54,692  INFO [main] demoapp:22 - URL is opened
 2022-05-11 16:24:54,780  INFO [main] demoapp:24 - Username is Entered
 2022-05-11 16:24:54,862  INFO [main] demoapp:26 - Password is entered
 2022-05-11 16:24:55,007  INFO [main] demoapp:28 - Button is clicked
 2022-05-11 16:24:58,018  INFO [main] demoapp:35 - test is passed
 2022-05-11 16:25:01,113  INFO [main] demoapp:22 - URL is opened
 2022-05-11 16:25:01,187  INFO [main] demoapp:24 - Username is Entered
 2022-05-11 16:25:01,258  INFO [main] demoapp:26 - Password is entered
 2022-05-11 16:25:01,333  INFO [main] demoapp:28 - Button is clicked
 2022-05-11 16:25:04,343  INFO [main] demoapp:35 - test is passed
 2022-05-11 16:25:07,429  INFO [main] demoapp:22 - URL is opened
 2022-05-11 16:25:07,494  INFO [main] demoapp:24 - Username is Entered
 2022-05-11 16:25:07,555  INFO [main] demoapp:26 - Password is entered
 2022-05-11 16:25:07,622  INFO [main] demoapp:28 - Button is clicked
 2022-05-11 16:25:10,634  INFO [main] demoapp:35 - test is passed
 2022-05-11 16:25:13,727  INFO [main] demoapp:22 - URL is opened
 2022-05-11 16:25:13,792  INFO [main] demoapp:24 - Username is Entered
 2022-05-11 16:25:13,852  INFO [main] demoapp:26 - Password is entered
 2022-05-11 16:25:13,922  INFO [main] demoapp:28 - Button is clicked
 2022-05-11 16:25:16,934  INFO [main] demoapp:35 - test is passed
 2022-05-11 16:25:20,073  INFO [main] demoapp:22 - URL is opened
 2022-05-11 16:25:20,142  INFO [main] demoapp:24 - Username is Entered
 2022-05-11 16:25:20,210  INFO [main] demoapp:26 - Password is entered
 2022-05-11 16:25:25,268  INFO [main] demoapp:28 - Button is clicked
 2022-05-11 16:25:28,302  INFO [main] demoapp:35 - test is passed
 2022-05-11 16:31:38,125  INFO [main] demoapp:15 - URL is opened
 2022-05-11 16:31:38,272  INFO [main] demoapp:18 - Username is Entered
 2022-05-11 16:31:38,373  INFO [main] demoapp:20 - Password is entered
 2022-05-11 16:31:38,514  INFO [main] demoapp:22 - Button is clicked
 2022-05-11 16:31:38,543  INFO [main] demoapp:27 - Assertiontrue
 2022-05-11 16:31:43,016  INFO [main] demoapp:22 - URL is opened
 2022-05-11 16:31:43,109  INFO [main] demoapp:24 - Username is Entered
 2022-05-11 16:31:43,208  INFO [main] demoapp:26 - Password is entered
 2022-05-11 16:31:43,325  INFO [main] demoapp:28 - Button is clicked
 2022-05-11 16:31:46,348  INFO [main] demoapp:35 - test is passed
 2022-05-11 16:31:49,449  INFO [main] demoapp:22 - URL is opened
 2022-05-11 16:31:49,510  INFO [main] demoapp:24 - Username is Entered
 2022-05-11 16:31:49,580  INFO [main] demoapp:26 - Password is entered
 2022-05-11 16:31:49,677  INFO [main] demoapp:28 - Button is clicked
 2022-05-11 16:31:52,703  INFO [main] demoapp:35 - test is passed
 2022-05-11 16:31:55,796  INFO [main] demoapp:22 - URL is opened
 2022-05-11 16:31:55,869  INFO [main] demoapp:24 - Username is Entered
 2022-05-11 16:31:55,944  INFO [main] demoapp:26 - Password is entered
 2022-05-11 16:31:56,018  INFO [main] demoapp:28 - Button is clicked
 2022-05-11 16:31:59,047  INFO [main] demoapp:35 - test is passed
 2022-05-11 16:32:02,212  INFO [main] demoapp:22 - URL is opened
 2022-05-11 16:32:02,272  INFO [main] demoapp:24 - Username is Entered
 2022-05-11 16:32:02,329  INFO [main] demoapp:26 - Password is entered
 2022-05-11 16:32:02,391  INFO [main] demoapp:28 - Button is clicked
 2022-05-11 16:32:05,432  INFO [main] demoapp:35 - test is passed
 2022-05-11 16:32:08,568  INFO [main] demoapp:22 - URL is opened
 2022-05-11 16:32:08,651  INFO [main] demoapp:24 - Username is Entered
 2022-05-11 16:32:08,716  INFO [main] demoapp:26 - Password is entered
 2022-05-11 16:32:13,782  INFO [main] demoapp:28 - Button is clicked
 2022-05-11 16:32:16,798  INFO [main] demoapp:35 - test is passed
 2022-05-11 16:33:06,319  INFO [main] demoapp:15 - URL is opened
 2022-05-11 16:33:06,451  INFO [main] demoapp:18 - Username is Entered
 2022-05-11 16:33:06,531  INFO [main] demoapp:20 - Password is entered
 2022-05-11 16:33:06,676  INFO [main] demoapp:22 - Button is clicked
 2022-05-11 16:33:06,705  INFO [main] demoapp:27 - Assertiontrue
 2022-05-11 16:33:12,738  INFO [main] demoapp:22 - URL is opened
 2022-05-11 16:33:12,873  INFO [main] demoapp:24 - Username is Entered
 2022-05-11 16:33:12,994  INFO [main] demoapp:26 - Password is entered
 2022-05-11 16:33:13,250  INFO [main] demoapp:28 - Button is clicked
 2022-05-11 16:33:16,269  INFO [main] demoapp:35 - test is passed
 2022-05-11 16:33:19,392  INFO [main] demoapp:22 - URL is opened
 2022-05-11 16:33:19,479  INFO [main] demoapp:24 - Username is Entered
 2022-05-11 16:33:19,579  INFO [main] demoapp:26 - Password is entered
 2022-05-11 16:33:19,690  INFO [main] demoapp:28 - Button is clicked
 2022-05-11 16:33:22,711  INFO [main] demoapp:35 - test is passed
 2022-05-11 16:33:25,808  INFO [main] demoapp:22 - URL is opened
 2022-05-11 16:33:25,858  INFO [main] demoapp:24 - Username is Entered
 2022-05-11 16:33:25,908  INFO [main] demoapp:26 - Password is entered
 2022-05-11 16:33:25,961  INFO [main] demoapp:28 - Button is clicked
 2022-05-11 16:33:28,991  INFO [main] demoapp:35 - test is passed
 2022-05-11 16:33:32,148  INFO [main] demoapp:22 - URL is opened
 2022-05-11 16:33:32,205  INFO [main] demoapp:24 - Username is Entered
 2022-05-11 16:33:32,259  INFO [main] demoapp:26 - Password is entered
 2022-05-11 16:33:32,315  INFO [main] demoapp:28 - Button is clicked
 2022-05-11 16:33:35,333  INFO [main] demoapp:35 - test is passed
 2022-05-11 16:33:38,498  INFO [main] demoapp:22 - URL is opened
 2022-05-11 16:33:38,566  INFO [main] demoapp:24 - Username is Entered
 2022-05-11 16:33:38,616  INFO [main] demoapp:26 - Password is entered
 2022-05-11 16:33:43,670  INFO [main] demoapp:28 - Button is clicked
 2022-05-11 16:33:46,705  INFO [main] demoapp:35 - test is passed
 2022-05-11 16:40:39,931  INFO [main] demoapp:15 - URL is opened
 2022-05-11 16:40:40,290  INFO [main] demoapp:18 - Username is Entered
 2022-05-11 16:40:40,467  INFO [main] demoapp:20 - Password is entered
 2022-05-11 16:40:40,725  INFO [main] demoapp:22 - Button is clicked
 2022-05-11 16:40:40,756  INFO [main] demoapp:27 - Assertiontrue
 2022-05-11 16:40:48,589  INFO [main] demoapp:22 - URL is opened
 2022-05-11 16:40:48,746  INFO [main] demoapp:24 - Username is Entered
 2022-05-11 16:40:48,928  INFO [main] demoapp:26 - Password is entered
 2022-05-11 16:40:49,180  INFO [main] demoapp:28 - Button is clicked
 2022-05-11 16:40:52,207  INFO [main] demoapp:35 - test is passed
 2022-05-11 16:40:55,346  INFO [main] demoapp:22 - URL is opened
 2022-05-11 16:40:55,454  INFO [main] demoapp:24 - Username is Entered
 2022-05-11 16:40:55,581  INFO [main] demoapp:26 - Password is entered
 2022-05-11 16:40:55,706  INFO [main] demoapp:28 - Button is clicked
 2022-05-11 16:40:58,719  INFO [main] demoapp:35 - test is passed
 2022-05-11 16:41:01,815  INFO [main] demoapp:22 - URL is opened
 2022-05-11 16:41:01,902  INFO [main] demoapp:24 - Username is Entered
 2022-05-11 16:41:02,003  INFO [main] demoapp:26 - Password is entered
 2022-05-11 16:41:02,088  INFO [main] demoapp:28 - Button is clicked
 2022-05-11 16:41:05,099  INFO [main] demoapp:35 - test is passed
 2022-05-11 16:41:08,197  INFO [main] demoapp:22 - URL is opened
 2022-05-11 16:41:08,287  INFO [main] demoapp:24 - Username is Entered
 2022-05-11 16:41:08,376  INFO [main] demoapp:26 - Password is entered
 2022-05-11 16:41:08,458  INFO [main] demoapp:28 - Button is clicked
 2022-05-11 16:41:11,474  INFO [main] demoapp:35 - test is passed
 2022-05-11 16:41:14,572  INFO [main] demoapp:22 - URL is opened
 2022-05-11 16:41:14,688  INFO [main] demoapp:24 - Username is Entered
 2022-05-11 16:41:14,798  INFO [main] demoapp:26 - Password is entered
 2022-05-11 16:41:19,899  INFO [main] demoapp:28 - Button is clicked
 2022-05-11 16:41:22,922  INFO [main] demoapp:35 - test is passed
 2022-05-11 16:54:03,183  INFO [main] demoapp:15 - URL is opened
 2022-05-11 16:54:03,342  INFO [main] demoapp:18 - Username is Entered
 2022-05-11 16:54:03,427  INFO [main] demoapp:20 - Password is entered
 2022-05-11 16:54:03,575  INFO [main] demoapp:22 - Button is clicked
 2022-05-11 16:54:03,599  INFO [main] demoapp:27 - Assertiontrue
 2022-05-11 16:54:12,665  INFO [main] demoapp:22 - URL is opened
 2022-05-11 16:54:12,834  INFO [main] demoapp:24 - Username is Entered
 2022-05-11 16:54:12,971  INFO [main] demoapp:26 - Password is entered
 2022-05-11 16:54:13,166  INFO [main] demoapp:28 - Button is clicked
 2022-05-11 16:54:16,188  INFO [main] demoapp:35 - test is passed
 2022-05-11 16:54:19,321  INFO [main] demoapp:22 - URL is opened
 2022-05-11 16:54:19,402  INFO [main] demoapp:24 - Username is Entered
 2022-05-11 16:54:19,482  INFO [main] demoapp:26 - Password is entered
 2022-05-11 16:54:19,561  INFO [main] demoapp:28 - Button is clicked
 2022-05-11 16:54:22,580  INFO [main] demoapp:35 - test is passed
 2022-05-11 16:54:25,679  INFO [main] demoapp:22 - URL is opened
 2022-05-11 16:54:25,741  INFO [main] demoapp:24 - Username is Entered
 2022-05-11 16:54:25,813  INFO [main] demoapp:26 - Password is entered
 2022-05-11 16:54:25,889  INFO [main] demoapp:28 - Button is clicked
 2022-05-11 16:54:28,900  INFO [main] demoapp:35 - test is passed
 2022-05-11 16:54:31,987  INFO [main] demoapp:22 - URL is opened
 2022-05-11 16:54:32,043  INFO [main] demoapp:24 - Username is Entered
 2022-05-11 16:54:32,096  INFO [main] demoapp:26 - Password is entered
 2022-05-11 16:54:32,152  INFO [main] demoapp:28 - Button is clicked
 2022-05-11 16:54:35,172  INFO [main] demoapp:35 - test is passed
 2022-05-11 16:54:38,260  INFO [main] demoapp:22 - URL is opened
 2022-05-11 16:54:38,333  INFO [main] demoapp:24 - Username is Entered
 2022-05-11 16:54:38,397  INFO [main] demoapp:26 - Password is entered
 2022-05-11 16:54:43,461  INFO [main] demoapp:28 - Button is clicked
 2022-05-11 16:54:46,470  INFO [main] demoapp:35 - test is passed
 